{"C:\\Users\\HP\\OneDrive\\Desktop\\advocate\\advocate_app\\backend\\config\\cloudinary.js": {"path":"C:\\Users\\HP\\OneDrive\\Desktop\\advocate\\advocate_app\\backend\\config\\cloudinary.js","statementMap":{"0":{"start":{"line":2,"column":19},"end":{"line":2,"column":43}},"1":{"start":{"line":5,"column":0},"end":{"line":10,"column":3}},"2":{"start":{"line":13,"column":27},"end":{"line":30,"column":1}},"3":{"start":{"line":33,"column":22},"end":{"line":33,"column":38}},"4":{"start":{"line":36,"column":19},"end":{"line":54,"column":1}},"5":{"start":{"line":37,"column":2},"end":{"line":53,"column":3}},"6":{"start":{"line":38,"column":27},"end":{"line":46,"column":5}},"7":{"start":{"line":48,"column":19},"end":{"line":48,"column":77}},"8":{"start":{"line":49,"column":4},"end":{"line":49,"column":18}},"9":{"start":{"line":51,"column":4},"end":{"line":51,"column":53}},"10":{"start":{"line":52,"column":4},"end":{"line":52,"column":62}},"11":{"start":{"line":57,"column":19},"end":{"line":65,"column":1}},"12":{"start":{"line":58,"column":2},"end":{"line":64,"column":3}},"13":{"start":{"line":59,"column":19},"end":{"line":59,"column":62}},"14":{"start":{"line":60,"column":4},"end":{"line":60,"column":18}},"15":{"start":{"line":62,"column":4},"end":{"line":62,"column":53}},"16":{"start":{"line":63,"column":4},"end":{"line":63,"column":64}},"17":{"start":{"line":68,"column":21},"end":{"line":80,"column":1}},"18":{"start":{"line":69,"column":2},"end":{"line":79,"column":3}},"19":{"start":{"line":70,"column":4},"end":{"line":75,"column":7}},"20":{"start":{"line":77,"column":4},"end":{"line":77,"column":61}},"21":{"start":{"line":78,"column":4},"end":{"line":78,"column":53}},"22":{"start":{"line":83,"column":24},"end":{"line":85,"column":1}},"23":{"start":{"line":84,"column":2},"end":{"line":84,"column":47}},"24":{"start":{"line":88,"column":24},"end":{"line":90,"column":1}},"25":{"start":{"line":89,"column":2},"end":{"line":89,"column":31}},"26":{"start":{"line":93,"column":24},"end":{"line":101,"column":1}},"27":{"start":{"line":94,"column":2},"end":{"line":94,"column":52}},"28":{"start":{"line":94,"column":37},"end":{"line":94,"column":52}},"29":{"start":{"line":95,"column":2},"end":{"line":95,"column":45}},"30":{"start":{"line":95,"column":32},"end":{"line":95,"column":45}},"31":{"start":{"line":96,"column":2},"end":{"line":96,"column":84}},"32":{"start":{"line":96,"column":66},"end":{"line":96,"column":84}},"33":{"start":{"line":97,"column":2},"end":{"line":97,"column":119}},"34":{"start":{"line":97,"column":98},"end":{"line":97,"column":119}},"35":{"start":{"line":98,"column":2},"end":{"line":98,"column":98}},"36":{"start":{"line":98,"column":76},"end":{"line":98,"column":98}},"37":{"start":{"line":99,"column":2},"end":{"line":99,"column":77}},"38":{"start":{"line":99,"column":60},"end":{"line":99,"column":77}},"39":{"start":{"line":100,"column":2},"end":{"line":100,"column":17}},"40":{"start":{"line":103,"column":0},"end":{"line":103,"column":65}},"41":{"start":{"line":105,"column":0},"end":{"line":115,"column":2}}},"fnMap":{"0":{"name":"(anonymous_0)","decl":{"start":{"line":36,"column":19},"end":{"line":36,"column":20}},"loc":{"start":{"line":36,"column":53},"end":{"line":54,"column":1}},"line":36},"1":{"name":"(anonymous_1)","decl":{"start":{"line":57,"column":19},"end":{"line":57,"column":20}},"loc":{"start":{"line":57,"column":39},"end":{"line":65,"column":1}},"line":57},"2":{"name":"(anonymous_2)","decl":{"start":{"line":68,"column":21},"end":{"line":68,"column":22}},"loc":{"start":{"line":68,"column":49},"end":{"line":80,"column":1}},"line":68},"3":{"name":"(anonymous_3)","decl":{"start":{"line":83,"column":24},"end":{"line":83,"column":25}},"loc":{"start":{"line":83,"column":38},"end":{"line":85,"column":1}},"line":83},"4":{"name":"(anonymous_4)","decl":{"start":{"line":88,"column":24},"end":{"line":88,"column":25}},"loc":{"start":{"line":88,"column":34},"end":{"line":90,"column":1}},"line":88},"5":{"name":"(anonymous_5)","decl":{"start":{"line":93,"column":24},"end":{"line":93,"column":25}},"loc":{"start":{"line":93,"column":38},"end":{"line":101,"column":1}},"line":93}},"branchMap":{"0":{"loc":{"start":{"line":36,"column":36},"end":{"line":36,"column":48}},"type":"default-arg","locations":[{"start":{"line":36,"column":46},"end":{"line":36,"column":48}}],"line":36},"1":{"loc":{"start":{"line":68,"column":32},"end":{"line":68,"column":44}},"type":"default-arg","locations":[{"start":{"line":68,"column":42},"end":{"line":68,"column":44}}],"line":68},"2":{"loc":{"start":{"line":94,"column":2},"end":{"line":94,"column":52}},"type":"if","locations":[{"start":{"line":94,"column":2},"end":{"line":94,"column":52}},{"start":{},"end":{}}],"line":94},"3":{"loc":{"start":{"line":95,"column":2},"end":{"line":95,"column":45}},"type":"if","locations":[{"start":{"line":95,"column":2},"end":{"line":95,"column":45}},{"start":{},"end":{}}],"line":95},"4":{"loc":{"start":{"line":96,"column":2},"end":{"line":96,"column":84}},"type":"if","locations":[{"start":{"line":96,"column":2},"end":{"line":96,"column":84}},{"start":{},"end":{}}],"line":96},"5":{"loc":{"start":{"line":96,"column":6},"end":{"line":96,"column":64}},"type":"binary-expr","locations":[{"start":{"line":96,"column":6},"end":{"line":96,"column":31}},{"start":{"line":96,"column":35},"end":{"line":96,"column":64}}],"line":96},"6":{"loc":{"start":{"line":97,"column":2},"end":{"line":97,"column":119}},"type":"if","locations":[{"start":{"line":97,"column":2},"end":{"line":97,"column":119}},{"start":{},"end":{}}],"line":97},"7":{"loc":{"start":{"line":97,"column":6},"end":{"line":97,"column":96}},"type":"binary-expr","locations":[{"start":{"line":97,"column":6},"end":{"line":97,"column":32}},{"start":{"line":97,"column":36},"end":{"line":97,"column":68}},{"start":{"line":97,"column":72},"end":{"line":97,"column":96}}],"line":97},"8":{"loc":{"start":{"line":98,"column":2},"end":{"line":98,"column":98}},"type":"if","locations":[{"start":{"line":98,"column":2},"end":{"line":98,"column":98}},{"start":{},"end":{}}],"line":98},"9":{"loc":{"start":{"line":98,"column":6},"end":{"line":98,"column":74}},"type":"binary-expr","locations":[{"start":{"line":98,"column":6},"end":{"line":98,"column":37}},{"start":{"line":98,"column":41},"end":{"line":98,"column":74}}],"line":98},"10":{"loc":{"start":{"line":99,"column":2},"end":{"line":99,"column":77}},"type":"if","locations":[{"start":{"line":99,"column":2},"end":{"line":99,"column":77}},{"start":{},"end":{}}],"line":99},"11":{"loc":{"start":{"line":99,"column":6},"end":{"line":99,"column":58}},"type":"binary-expr","locations":[{"start":{"line":99,"column":6},"end":{"line":99,"column":30}},{"start":{"line":99,"column":34},"end":{"line":99,"column":58}}],"line":99}},"s":{"0":0,"1":0,"2":0,"3":0,"4":0,"5":0,"6":0,"7":0,"8":0,"9":0,"10":0,"11":0,"12":0,"13":0,"14":0,"15":0,"16":0,"17":0,"18":0,"19":0,"20":0,"21":0,"22":0,"23":0,"24":0,"25":0,"26":0,"27":0,"28":0,"29":0,"30":0,"31":0,"32":0,"33":0,"34":0,"35":0,"36":0,"37":0,"38":0,"39":0,"40":0,"41":0},"f":{"0":0,"1":0,"2":0,"3":0,"4":0,"5":0},"b":{"0":[0],"1":[0],"2":[0,0],"3":[0,0],"4":[0,0],"5":[0,0],"6":[0,0],"7":[0,0,0],"8":[0,0],"9":[0,0],"10":[0,0],"11":[0,0]}}
,"C:\\Users\\HP\\OneDrive\\Desktop\\advocate\\advocate_app\\backend\\controllers\\appointmentController.js": {"path":"C:\\Users\\HP\\OneDrive\\Desktop\\advocate\\advocate_app\\backend\\controllers\\appointmentController.js","statementMap":{"0":{"start":{"line":2,"column":20},"end":{"line":2,"column":52}},"1":{"start":{"line":5,"column":0},"end":{"line":12,"column":2}},"2":{"start":{"line":6,"column":2},"end":{"line":11,"column":3}},"3":{"start":{"line":8,"column":4},"end":{"line":8,"column":67}},"4":{"start":{"line":10,"column":4},"end":{"line":10,"column":51}}},"fnMap":{"0":{"name":"(anonymous_0)","decl":{"start":{"line":5,"column":26},"end":{"line":5,"column":27}},"loc":{"start":{"line":5,"column":46},"end":{"line":12,"column":1}},"line":5}},"branchMap":{},"s":{"0":0,"1":0,"2":0,"3":0,"4":0},"f":{"0":0},"b":{}}
,"C:\\Users\\HP\\OneDrive\\Desktop\\advocate\\advocate_app\\backend\\controllers\\authController.js": {"path":"C:\\Users\\HP\\OneDrive\\Desktop\\advocate\\advocate_app\\backend\\controllers\\authController.js","statementMap":{"0":{"start":{"line":2,"column":15},"end":{"line":2,"column":32}},"1":{"start":{"line":3,"column":13},"end":{"line":3,"column":38}},"2":{"start":{"line":4,"column":12},"end":{"line":4,"column":35}},"3":{"start":{"line":5,"column":29},"end":{"line":5,"column":68}},"4":{"start":{"line":8,"column":18},"end":{"line":12,"column":1}},"5":{"start":{"line":9,"column":2},"end":{"line":11,"column":5}},"6":{"start":{"line":15,"column":28},"end":{"line":26,"column":1}},"7":{"start":{"line":16,"column":16},"end":{"line":16,"column":35}},"8":{"start":{"line":19,"column":2},"end":{"line":19,"column":28}},"9":{"start":{"line":21,"column":2},"end":{"line":25,"column":5}},"10":{"start":{"line":31,"column":17},"end":{"line":126,"column":1}},"11":{"start":{"line":32,"column":2},"end":{"line":125,"column":3}},"12":{"start":{"line":33,"column":4},"end":{"line":33,"column":60}},"13":{"start":{"line":48,"column":8},"end":{"line":48,"column":16}},"14":{"start":{"line":51,"column":4},"end":{"line":56,"column":5}},"15":{"start":{"line":52,"column":6},"end":{"line":55,"column":9}},"16":{"start":{"line":59,"column":25},"end":{"line":59,"column":54}},"17":{"start":{"line":60,"column":4},"end":{"line":65,"column":5}},"18":{"start":{"line":61,"column":6},"end":{"line":64,"column":9}},"19":{"start":{"line":68,"column":21},"end":{"line":75,"column":5}},"20":{"start":{"line":78,"column":4},"end":{"line":87,"column":5}},"21":{"start":{"line":79,"column":6},"end":{"line":79,"column":45}},"22":{"start":{"line":80,"column":6},"end":{"line":80,"column":47}},"23":{"start":{"line":81,"column":6},"end":{"line":81,"column":39}},"24":{"start":{"line":82,"column":6},"end":{"line":82,"column":37}},"25":{"start":{"line":83,"column":6},"end":{"line":83,"column":43}},"26":{"start":{"line":85,"column":6},"end":{"line":85,"column":33}},"27":{"start":{"line":86,"column":6},"end":{"line":86,"column":31}},"28":{"start":{"line":89,"column":4},"end":{"line":89,"column":54}},"29":{"start":{"line":90,"column":17},"end":{"line":90,"column":44}},"30":{"start":{"line":91,"column":4},"end":{"line":91,"column":56}},"31":{"start":{"line":94,"column":4},"end":{"line":96,"column":76}},"32":{"start":{"line":95,"column":22},"end":{"line":95,"column":71}},"33":{"start":{"line":96,"column":22},"end":{"line":96,"column":74}},"34":{"start":{"line":98,"column":4},"end":{"line":98,"column":40}},"35":{"start":{"line":100,"column":4},"end":{"line":100,"column":44}},"36":{"start":{"line":103,"column":4},"end":{"line":110,"column":5}},"37":{"start":{"line":104,"column":23},"end":{"line":104,"column":74}},"38":{"start":{"line":104,"column":62},"end":{"line":104,"column":73}},"39":{"start":{"line":105,"column":6},"end":{"line":109,"column":9}},"40":{"start":{"line":113,"column":4},"end":{"line":118,"column":5}},"41":{"start":{"line":114,"column":6},"end":{"line":117,"column":9}},"42":{"start":{"line":120,"column":4},"end":{"line":124,"column":7}},"43":{"start":{"line":131,"column":14},"end":{"line":191,"column":1}},"44":{"start":{"line":132,"column":2},"end":{"line":190,"column":3}},"45":{"start":{"line":133,"column":32},"end":{"line":133,"column":40}},"46":{"start":{"line":136,"column":4},"end":{"line":141,"column":5}},"47":{"start":{"line":137,"column":6},"end":{"line":140,"column":9}},"48":{"start":{"line":144,"column":17},"end":{"line":144,"column":66}},"49":{"start":{"line":146,"column":4},"end":{"line":151,"column":5}},"50":{"start":{"line":147,"column":6},"end":{"line":150,"column":9}},"51":{"start":{"line":154,"column":20},"end":{"line":154,"column":54}},"52":{"start":{"line":156,"column":4},"end":{"line":161,"column":5}},"53":{"start":{"line":157,"column":6},"end":{"line":160,"column":9}},"54":{"start":{"line":164,"column":4},"end":{"line":169,"column":5}},"55":{"start":{"line":165,"column":6},"end":{"line":168,"column":9}},"56":{"start":{"line":172,"column":4},"end":{"line":177,"column":5}},"57":{"start":{"line":173,"column":6},"end":{"line":176,"column":9}},"58":{"start":{"line":180,"column":4},"end":{"line":180,"column":32}},"59":{"start":{"line":181,"column":4},"end":{"line":181,"column":22}},"60":{"start":{"line":183,"column":4},"end":{"line":183,"column":40}},"61":{"start":{"line":185,"column":4},"end":{"line":185,"column":41}},"62":{"start":{"line":186,"column":4},"end":{"line":189,"column":7}},"63":{"start":{"line":196,"column":14},"end":{"line":211,"column":1}},"64":{"start":{"line":197,"column":2},"end":{"line":210,"column":3}},"65":{"start":{"line":198,"column":17},"end":{"line":198,"column":49}},"66":{"start":{"line":200,"column":4},"end":{"line":203,"column":7}},"67":{"start":{"line":205,"column":4},"end":{"line":205,"column":42}},"68":{"start":{"line":206,"column":4},"end":{"line":209,"column":7}},"69":{"start":{"line":216,"column":22},"end":{"line":241,"column":1}},"70":{"start":{"line":217,"column":2},"end":{"line":240,"column":3}},"71":{"start":{"line":218,"column":27},"end":{"line":223,"column":5}},"72":{"start":{"line":225,"column":17},"end":{"line":228,"column":6}},"73":{"start":{"line":230,"column":4},"end":{"line":233,"column":7}},"74":{"start":{"line":235,"column":4},"end":{"line":235,"column":50}},"75":{"start":{"line":236,"column":4},"end":{"line":239,"column":7}},"76":{"start":{"line":246,"column":23},"end":{"line":269,"column":1}},"77":{"start":{"line":247,"column":2},"end":{"line":268,"column":3}},"78":{"start":{"line":248,"column":17},"end":{"line":248,"column":69}},"79":{"start":{"line":251,"column":4},"end":{"line":256,"column":5}},"80":{"start":{"line":252,"column":6},"end":{"line":255,"column":9}},"81":{"start":{"line":258,"column":4},"end":{"line":258,"column":41}},"82":{"start":{"line":259,"column":4},"end":{"line":259,"column":22}},"83":{"start":{"line":261,"column":4},"end":{"line":261,"column":40}},"84":{"start":{"line":263,"column":4},"end":{"line":263,"column":51}},"85":{"start":{"line":264,"column":4},"end":{"line":267,"column":7}},"86":{"start":{"line":274,"column":23},"end":{"line":308,"column":1}},"87":{"start":{"line":275,"column":2},"end":{"line":307,"column":3}},"88":{"start":{"line":276,"column":17},"end":{"line":276,"column":62}},"89":{"start":{"line":278,"column":4},"end":{"line":283,"column":5}},"90":{"start":{"line":279,"column":6},"end":{"line":282,"column":9}},"91":{"start":{"line":286,"column":23},"end":{"line":286,"column":51}},"92":{"start":{"line":288,"column":4},"end":{"line":288,"column":51}},"93":{"start":{"line":292,"column":4},"end":{"line":295,"column":7}},"94":{"start":{"line":297,"column":4},"end":{"line":297,"column":51}},"95":{"start":{"line":298,"column":4},"end":{"line":298,"column":40}},"96":{"start":{"line":299,"column":4},"end":{"line":299,"column":41}},"97":{"start":{"line":301,"column":4},"end":{"line":301,"column":51}},"98":{"start":{"line":303,"column":4},"end":{"line":306,"column":7}},"99":{"start":{"line":313,"column":22},"end":{"line":347,"column":1}},"100":{"start":{"line":314,"column":2},"end":{"line":346,"column":3}},"101":{"start":{"line":316,"column":31},"end":{"line":319,"column":20}},"102":{"start":{"line":321,"column":17},"end":{"line":324,"column":6}},"103":{"start":{"line":326,"column":4},"end":{"line":331,"column":5}},"104":{"start":{"line":327,"column":6},"end":{"line":330,"column":9}},"105":{"start":{"line":334,"column":4},"end":{"line":334,"column":38}},"106":{"start":{"line":335,"column":4},"end":{"line":335,"column":40}},"107":{"start":{"line":336,"column":4},"end":{"line":336,"column":41}},"108":{"start":{"line":337,"column":4},"end":{"line":337,"column":22}},"109":{"start":{"line":339,"column":4},"end":{"line":339,"column":40}},"110":{"start":{"line":341,"column":4},"end":{"line":341,"column":50}},"111":{"start":{"line":342,"column":4},"end":{"line":345,"column":7}},"112":{"start":{"line":352,"column":23},"end":{"line":389,"column":1}},"113":{"start":{"line":353,"column":2},"end":{"line":388,"column":3}},"114":{"start":{"line":354,"column":32},"end":{"line":354,"column":40}},"115":{"start":{"line":357,"column":4},"end":{"line":362,"column":5}},"116":{"start":{"line":358,"column":6},"end":{"line":361,"column":9}},"117":{"start":{"line":365,"column":17},"end":{"line":365,"column":64}},"118":{"start":{"line":366,"column":4},"end":{"line":371,"column":5}},"119":{"start":{"line":367,"column":6},"end":{"line":370,"column":9}},"120":{"start":{"line":374,"column":4},"end":{"line":374,"column":27}},"121":{"start":{"line":375,"column":4},"end":{"line":375,"column":25}},"122":{"start":{"line":376,"column":4},"end":{"line":376,"column":22}},"123":{"start":{"line":378,"column":4},"end":{"line":381,"column":7}},"124":{"start":{"line":383,"column":4},"end":{"line":383,"column":51}},"125":{"start":{"line":384,"column":4},"end":{"line":387,"column":7}},"126":{"start":{"line":391,"column":0},"end":{"line":400,"column":2}}},"fnMap":{"0":{"name":"(anonymous_0)","decl":{"start":{"line":8,"column":18},"end":{"line":8,"column":19}},"loc":{"start":{"line":8,"column":26},"end":{"line":12,"column":1}},"line":8},"1":{"name":"(anonymous_1)","decl":{"start":{"line":15,"column":28},"end":{"line":15,"column":29}},"loc":{"start":{"line":15,"column":55},"end":{"line":26,"column":1}},"line":15},"2":{"name":"(anonymous_2)","decl":{"start":{"line":31,"column":17},"end":{"line":31,"column":18}},"loc":{"start":{"line":31,"column":37},"end":{"line":126,"column":1}},"line":31},"3":{"name":"(anonymous_3)","decl":{"start":{"line":95,"column":12},"end":{"line":95,"column":13}},"loc":{"start":{"line":95,"column":22},"end":{"line":95,"column":71}},"line":95},"4":{"name":"(anonymous_4)","decl":{"start":{"line":96,"column":13},"end":{"line":96,"column":14}},"loc":{"start":{"line":96,"column":22},"end":{"line":96,"column":74}},"line":96},"5":{"name":"(anonymous_5)","decl":{"start":{"line":104,"column":55},"end":{"line":104,"column":56}},"loc":{"start":{"line":104,"column":62},"end":{"line":104,"column":73}},"line":104},"6":{"name":"(anonymous_6)","decl":{"start":{"line":131,"column":14},"end":{"line":131,"column":15}},"loc":{"start":{"line":131,"column":34},"end":{"line":191,"column":1}},"line":131},"7":{"name":"(anonymous_7)","decl":{"start":{"line":196,"column":14},"end":{"line":196,"column":15}},"loc":{"start":{"line":196,"column":34},"end":{"line":211,"column":1}},"line":196},"8":{"name":"(anonymous_8)","decl":{"start":{"line":216,"column":22},"end":{"line":216,"column":23}},"loc":{"start":{"line":216,"column":42},"end":{"line":241,"column":1}},"line":216},"9":{"name":"(anonymous_9)","decl":{"start":{"line":246,"column":23},"end":{"line":246,"column":24}},"loc":{"start":{"line":246,"column":43},"end":{"line":269,"column":1}},"line":246},"10":{"name":"(anonymous_10)","decl":{"start":{"line":274,"column":23},"end":{"line":274,"column":24}},"loc":{"start":{"line":274,"column":43},"end":{"line":308,"column":1}},"line":274},"11":{"name":"(anonymous_11)","decl":{"start":{"line":313,"column":22},"end":{"line":313,"column":23}},"loc":{"start":{"line":313,"column":42},"end":{"line":347,"column":1}},"line":313},"12":{"name":"(anonymous_12)","decl":{"start":{"line":352,"column":23},"end":{"line":352,"column":24}},"loc":{"start":{"line":352,"column":43},"end":{"line":389,"column":1}},"line":352}},"branchMap":{"0":{"loc":{"start":{"line":51,"column":4},"end":{"line":56,"column":5}},"type":"if","locations":[{"start":{"line":51,"column":4},"end":{"line":56,"column":5}},{"start":{},"end":{}}],"line":51},"1":{"loc":{"start":{"line":51,"column":8},"end":{"line":51,"column":54}},"type":"binary-expr","locations":[{"start":{"line":51,"column":8},"end":{"line":51,"column":18}},{"start":{"line":51,"column":22},"end":{"line":51,"column":31}},{"start":{"line":51,"column":35},"end":{"line":51,"column":41}},{"start":{"line":51,"column":45},"end":{"line":51,"column":54}}],"line":51},"2":{"loc":{"start":{"line":60,"column":4},"end":{"line":65,"column":5}},"type":"if","locations":[{"start":{"line":60,"column":4},"end":{"line":65,"column":5}},{"start":{},"end":{}}],"line":60},"3":{"loc":{"start":{"line":74,"column":12},"end":{"line":74,"column":28}},"type":"binary-expr","locations":[{"start":{"line":74,"column":12},"end":{"line":74,"column":16}},{"start":{"line":74,"column":20},"end":{"line":74,"column":28}}],"line":74},"4":{"loc":{"start":{"line":78,"column":4},"end":{"line":87,"column":5}},"type":"if","locations":[{"start":{"line":78,"column":4},"end":{"line":87,"column":5}},{"start":{},"end":{}}],"line":78},"5":{"loc":{"start":{"line":103,"column":4},"end":{"line":110,"column":5}},"type":"if","locations":[{"start":{"line":103,"column":4},"end":{"line":110,"column":5}},{"start":{},"end":{}}],"line":103},"6":{"loc":{"start":{"line":113,"column":4},"end":{"line":118,"column":5}},"type":"if","locations":[{"start":{"line":113,"column":4},"end":{"line":118,"column":5}},{"start":{},"end":{}}],"line":113},"7":{"loc":{"start":{"line":123,"column":13},"end":{"line":123,"column":79}},"type":"cond-expr","locations":[{"start":{"line":123,"column":54},"end":{"line":123,"column":67}},{"start":{"line":123,"column":70},"end":{"line":123,"column":79}}],"line":123},"8":{"loc":{"start":{"line":136,"column":4},"end":{"line":141,"column":5}},"type":"if","locations":[{"start":{"line":136,"column":4},"end":{"line":141,"column":5}},{"start":{},"end":{}}],"line":136},"9":{"loc":{"start":{"line":136,"column":8},"end":{"line":136,"column":27}},"type":"binary-expr","locations":[{"start":{"line":136,"column":8},"end":{"line":136,"column":14}},{"start":{"line":136,"column":18},"end":{"line":136,"column":27}}],"line":136},"10":{"loc":{"start":{"line":146,"column":4},"end":{"line":151,"column":5}},"type":"if","locations":[{"start":{"line":146,"column":4},"end":{"line":151,"column":5}},{"start":{},"end":{}}],"line":146},"11":{"loc":{"start":{"line":156,"column":4},"end":{"line":161,"column":5}},"type":"if","locations":[{"start":{"line":156,"column":4},"end":{"line":161,"column":5}},{"start":{},"end":{}}],"line":156},"12":{"loc":{"start":{"line":164,"column":4},"end":{"line":169,"column":5}},"type":"if","locations":[{"start":{"line":164,"column":4},"end":{"line":169,"column":5}},{"start":{},"end":{}}],"line":164},"13":{"loc":{"start":{"line":172,"column":4},"end":{"line":177,"column":5}},"type":"if","locations":[{"start":{"line":172,"column":4},"end":{"line":177,"column":5}},{"start":{},"end":{}}],"line":172},"14":{"loc":{"start":{"line":172,"column":8},"end":{"line":172,"column":52}},"type":"binary-expr","locations":[{"start":{"line":172,"column":8},"end":{"line":172,"column":32}},{"start":{"line":172,"column":36},"end":{"line":172,"column":52}}],"line":172},"15":{"loc":{"start":{"line":251,"column":4},"end":{"line":256,"column":5}},"type":"if","locations":[{"start":{"line":251,"column":4},"end":{"line":256,"column":5}},{"start":{},"end":{}}],"line":251},"16":{"loc":{"start":{"line":278,"column":4},"end":{"line":283,"column":5}},"type":"if","locations":[{"start":{"line":278,"column":4},"end":{"line":283,"column":5}},{"start":{},"end":{}}],"line":278},"17":{"loc":{"start":{"line":326,"column":4},"end":{"line":331,"column":5}},"type":"if","locations":[{"start":{"line":326,"column":4},"end":{"line":331,"column":5}},{"start":{},"end":{}}],"line":326},"18":{"loc":{"start":{"line":357,"column":4},"end":{"line":362,"column":5}},"type":"if","locations":[{"start":{"line":357,"column":4},"end":{"line":362,"column":5}},{"start":{},"end":{}}],"line":357},"19":{"loc":{"start":{"line":366,"column":4},"end":{"line":371,"column":5}},"type":"if","locations":[{"start":{"line":366,"column":4},"end":{"line":371,"column":5}},{"start":{},"end":{}}],"line":366}},"s":{"0":0,"1":0,"2":0,"3":0,"4":0,"5":0,"6":0,"7":0,"8":0,"9":0,"10":0,"11":0,"12":0,"13":0,"14":0,"15":0,"16":0,"17":0,"18":0,"19":0,"20":0,"21":0,"22":0,"23":0,"24":0,"25":0,"26":0,"27":0,"28":0,"29":0,"30":0,"31":0,"32":0,"33":0,"34":0,"35":0,"36":0,"37":0,"38":0,"39":0,"40":0,"41":0,"42":0,"43":0,"44":0,"45":0,"46":0,"47":0,"48":0,"49":0,"50":0,"51":0,"52":0,"53":0,"54":0,"55":0,"56":0,"57":0,"58":0,"59":0,"60":0,"61":0,"62":0,"63":0,"64":0,"65":0,"66":0,"67":0,"68":0,"69":0,"70":0,"71":0,"72":0,"73":0,"74":0,"75":0,"76":0,"77":0,"78":0,"79":0,"80":0,"81":0,"82":0,"83":0,"84":0,"85":0,"86":0,"87":0,"88":0,"89":0,"90":0,"91":0,"92":0,"93":0,"94":0,"95":0,"96":0,"97":0,"98":0,"99":0,"100":0,"101":0,"102":0,"103":0,"104":0,"105":0,"106":0,"107":0,"108":0,"109":0,"110":0,"111":0,"112":0,"113":0,"114":0,"115":0,"116":0,"117":0,"118":0,"119":0,"120":0,"121":0,"122":0,"123":0,"124":0,"125":0,"126":0},"f":{"0":0,"1":0,"2":0,"3":0,"4":0,"5":0,"6":0,"7":0,"8":0,"9":0,"10":0,"11":0,"12":0},"b":{"0":[0,0],"1":[0,0,0,0],"2":[0,0],"3":[0,0],"4":[0,0],"5":[0,0],"6":[0,0],"7":[0,0],"8":[0,0],"9":[0,0],"10":[0,0],"11":[0,0],"12":[0,0],"13":[0,0],"14":[0,0],"15":[0,0],"16":[0,0],"17":[0,0],"18":[0,0],"19":[0,0]}}
,"C:\\Users\\HP\\OneDrive\\Desktop\\advocate\\advocate_app\\backend\\controllers\\caseController.js": {"path":"C:\\Users\\HP\\OneDrive\\Desktop\\advocate\\advocate_app\\backend\\controllers\\caseController.js","statementMap":{"0":{"start":{"line":2,"column":13},"end":{"line":2,"column":38}},"1":{"start":{"line":3,"column":13},"end":{"line":3,"column":38}},"2":{"start":{"line":4,"column":17},"end":{"line":4,"column":36}},"3":{"start":{"line":5,"column":52},"end":{"line":5,"column":83}},"4":{"start":{"line":6,"column":28},"end":{"line":6,"column":59}},"5":{"start":{"line":7,"column":11},"end":{"line":7,"column":24}},"6":{"start":{"line":12,"column":17},"end":{"line":144,"column":1}},"7":{"start":{"line":13,"column":2},"end":{"line":143,"column":3}},"8":{"start":{"line":14,"column":16},"end":{"line":14,"column":37}},"9":{"start":{"line":17,"column":4},"end":{"line":35,"column":5}},"10":{"start":{"line":19,"column":8},"end":{"line":19,"column":38}},"11":{"start":{"line":20,"column":8},"end":{"line":20,"column":14}},"12":{"start":{"line":23,"column":8},"end":{"line":25,"column":9}},"13":{"start":{"line":24,"column":10},"end":{"line":24,"column":42}},"14":{"start":{"line":26,"column":8},"end":{"line":26,"column":14}},"15":{"start":{"line":29,"column":8},"end":{"line":29,"column":14}},"16":{"start":{"line":31,"column":8},"end":{"line":34,"column":11}},"17":{"start":{"line":38,"column":4},"end":{"line":40,"column":5}},"18":{"start":{"line":39,"column":6},"end":{"line":39,"column":38}},"19":{"start":{"line":42,"column":4},"end":{"line":44,"column":5}},"20":{"start":{"line":43,"column":6},"end":{"line":43,"column":42}},"21":{"start":{"line":46,"column":4},"end":{"line":48,"column":5}},"22":{"start":{"line":47,"column":6},"end":{"line":47,"column":42}},"23":{"start":{"line":50,"column":4},"end":{"line":52,"column":5}},"24":{"start":{"line":51,"column":6},"end":{"line":51,"column":46}},"25":{"start":{"line":55,"column":4},"end":{"line":63,"column":5}},"26":{"start":{"line":56,"column":6},"end":{"line":56,"column":27}},"27":{"start":{"line":57,"column":6},"end":{"line":59,"column":7}},"28":{"start":{"line":58,"column":8},"end":{"line":58,"column":61}},"29":{"start":{"line":60,"column":6},"end":{"line":62,"column":7}},"30":{"start":{"line":61,"column":8},"end":{"line":61,"column":59}},"31":{"start":{"line":66,"column":4},"end":{"line":73,"column":5}},"32":{"start":{"line":67,"column":26},"end":{"line":67,"column":69}},"33":{"start":{"line":68,"column":6},"end":{"line":72,"column":8}},"34":{"start":{"line":76,"column":17},"end":{"line":76,"column":63}},"35":{"start":{"line":77,"column":18},"end":{"line":77,"column":80}},"36":{"start":{"line":78,"column":23},"end":{"line":78,"column":41}},"37":{"start":{"line":81,"column":19},"end":{"line":81,"column":50}},"38":{"start":{"line":82,"column":22},"end":{"line":82,"column":60}},"39":{"start":{"line":83,"column":20},"end":{"line":83,"column":43}},"40":{"start":{"line":86,"column":27},"end":{"line":96,"column":6}},"41":{"start":{"line":99,"column":27},"end":{"line":105,"column":7}},"42":{"start":{"line":99,"column":50},"end":{"line":105,"column":5}},"43":{"start":{"line":103,"column":60},"end":{"line":103,"column":74}},"44":{"start":{"line":107,"column":4},"end":{"line":126,"column":7}},"45":{"start":{"line":128,"column":4},"end":{"line":128,"column":45}},"46":{"start":{"line":131,"column":4},"end":{"line":136,"column":5}},"47":{"start":{"line":132,"column":6},"end":{"line":135,"column":9}},"48":{"start":{"line":138,"column":4},"end":{"line":142,"column":7}},"49":{"start":{"line":149,"column":16},"end":{"line":229,"column":1}},"50":{"start":{"line":150,"column":2},"end":{"line":228,"column":3}},"51":{"start":{"line":152,"column":4},"end":{"line":157,"column":5}},"52":{"start":{"line":153,"column":6},"end":{"line":156,"column":9}},"53":{"start":{"line":159,"column":16},"end":{"line":159,"column":57}},"54":{"start":{"line":162,"column":4},"end":{"line":180,"column":5}},"55":{"start":{"line":164,"column":8},"end":{"line":164,"column":38}},"56":{"start":{"line":165,"column":8},"end":{"line":165,"column":14}},"57":{"start":{"line":168,"column":8},"end":{"line":170,"column":9}},"58":{"start":{"line":169,"column":10},"end":{"line":169,"column":42}},"59":{"start":{"line":171,"column":8},"end":{"line":171,"column":14}},"60":{"start":{"line":174,"column":8},"end":{"line":174,"column":14}},"61":{"start":{"line":176,"column":8},"end":{"line":179,"column":11}},"62":{"start":{"line":182,"column":22},"end":{"line":187,"column":61}},"63":{"start":{"line":189,"column":4},"end":{"line":194,"column":5}},"64":{"start":{"line":190,"column":6},"end":{"line":193,"column":9}},"65":{"start":{"line":197,"column":4},"end":{"line":201,"column":5}},"66":{"start":{"line":198,"column":6},"end":{"line":200,"column":8}},"67":{"start":{"line":199,"column":8},"end":{"line":199,"column":81}},"68":{"start":{"line":204,"column":26},"end":{"line":204,"column":54}},"69":{"start":{"line":206,"column":4},"end":{"line":212,"column":7}},"70":{"start":{"line":214,"column":4},"end":{"line":214,"column":44}},"71":{"start":{"line":216,"column":4},"end":{"line":221,"column":5}},"72":{"start":{"line":217,"column":6},"end":{"line":220,"column":9}},"73":{"start":{"line":223,"column":4},"end":{"line":227,"column":7}},"74":{"start":{"line":234,"column":19},"end":{"line":338,"column":1}},"75":{"start":{"line":235,"column":2},"end":{"line":337,"column":3}},"76":{"start":{"line":236,"column":88},"end":{"line":236,"column":96}},"77":{"start":{"line":239,"column":4},"end":{"line":244,"column":5}},"78":{"start":{"line":240,"column":6},"end":{"line":243,"column":9}},"79":{"start":{"line":247,"column":4},"end":{"line":252,"column":5}},"80":{"start":{"line":248,"column":6},"end":{"line":251,"column":9}},"81":{"start":{"line":254,"column":19},"end":{"line":254,"column":48}},"82":{"start":{"line":255,"column":4},"end":{"line":260,"column":5}},"83":{"start":{"line":256,"column":6},"end":{"line":259,"column":9}},"84":{"start":{"line":263,"column":23},"end":{"line":263,"column":27}},"85":{"start":{"line":264,"column":4},"end":{"line":279,"column":5}},"86":{"start":{"line":265,"column":6},"end":{"line":270,"column":7}},"87":{"start":{"line":266,"column":8},"end":{"line":269,"column":11}},"88":{"start":{"line":272,"column":6},"end":{"line":272,"column":53}},"89":{"start":{"line":273,"column":6},"end":{"line":278,"column":7}},"90":{"start":{"line":274,"column":8},"end":{"line":277,"column":11}},"91":{"start":{"line":282,"column":4},"end":{"line":287,"column":5}},"92":{"start":{"line":283,"column":6},"end":{"line":286,"column":9}},"93":{"start":{"line":290,"column":21},"end":{"line":298,"column":5}},"94":{"start":{"line":300,"column":22},"end":{"line":300,"column":49}},"95":{"start":{"line":303,"column":4},"end":{"line":303,"column":82}},"96":{"start":{"line":304,"column":4},"end":{"line":304,"column":78}},"97":{"start":{"line":306,"column":4},"end":{"line":310,"column":7}},"98":{"start":{"line":312,"column":4},"end":{"line":312,"column":47}},"99":{"start":{"line":315,"column":4},"end":{"line":322,"column":5}},"100":{"start":{"line":316,"column":21},"end":{"line":316,"column":72}},"101":{"start":{"line":316,"column":60},"end":{"line":316,"column":71}},"102":{"start":{"line":317,"column":6},"end":{"line":321,"column":9}},"103":{"start":{"line":325,"column":4},"end":{"line":330,"column":5}},"104":{"start":{"line":326,"column":6},"end":{"line":329,"column":9}},"105":{"start":{"line":332,"column":4},"end":{"line":336,"column":7}},"106":{"start":{"line":343,"column":19},"end":{"line":509,"column":1}},"107":{"start":{"line":344,"column":2},"end":{"line":508,"column":3}},"108":{"start":{"line":346,"column":4},"end":{"line":351,"column":5}},"109":{"start":{"line":347,"column":6},"end":{"line":350,"column":9}},"110":{"start":{"line":354,"column":25},"end":{"line":354,"column":59}},"111":{"start":{"line":355,"column":4},"end":{"line":360,"column":5}},"112":{"start":{"line":356,"column":6},"end":{"line":359,"column":9}},"113":{"start":{"line":362,"column":88},"end":{"line":362,"column":96}},"114":{"start":{"line":363,"column":23},"end":{"line":363,"column":25}},"115":{"start":{"line":366,"column":4},"end":{"line":374,"column":5}},"116":{"start":{"line":367,"column":6},"end":{"line":372,"column":7}},"117":{"start":{"line":368,"column":8},"end":{"line":371,"column":11}},"118":{"start":{"line":373,"column":6},"end":{"line":373,"column":38}},"119":{"start":{"line":376,"column":4},"end":{"line":384,"column":5}},"120":{"start":{"line":377,"column":6},"end":{"line":382,"column":7}},"121":{"start":{"line":378,"column":8},"end":{"line":381,"column":11}},"122":{"start":{"line":383,"column":6},"end":{"line":383,"column":50}},"123":{"start":{"line":386,"column":4},"end":{"line":388,"column":5}},"124":{"start":{"line":387,"column":6},"end":{"line":387,"column":37}},"125":{"start":{"line":390,"column":4},"end":{"line":398,"column":5}},"126":{"start":{"line":391,"column":6},"end":{"line":396,"column":7}},"127":{"start":{"line":392,"column":8},"end":{"line":395,"column":11}},"128":{"start":{"line":397,"column":6},"end":{"line":397,"column":37}},"129":{"start":{"line":401,"column":4},"end":{"line":417,"column":5}},"130":{"start":{"line":402,"column":6},"end":{"line":407,"column":7}},"131":{"start":{"line":403,"column":8},"end":{"line":406,"column":11}},"132":{"start":{"line":409,"column":21},"end":{"line":409,"column":50}},"133":{"start":{"line":410,"column":6},"end":{"line":415,"column":7}},"134":{"start":{"line":411,"column":8},"end":{"line":414,"column":11}},"135":{"start":{"line":416,"column":6},"end":{"line":416,"column":37}},"136":{"start":{"line":420,"column":4},"end":{"line":440,"column":5}},"137":{"start":{"line":421,"column":6},"end":{"line":439,"column":7}},"138":{"start":{"line":422,"column":8},"end":{"line":422,"column":37}},"139":{"start":{"line":424,"column":8},"end":{"line":429,"column":9}},"140":{"start":{"line":425,"column":10},"end":{"line":428,"column":13}},"141":{"start":{"line":431,"column":29},"end":{"line":431,"column":60}},"142":{"start":{"line":432,"column":8},"end":{"line":437,"column":9}},"143":{"start":{"line":433,"column":10},"end":{"line":436,"column":13}},"144":{"start":{"line":438,"column":8},"end":{"line":438,"column":43}},"145":{"start":{"line":443,"column":4},"end":{"line":456,"column":5}},"146":{"start":{"line":444,"column":6},"end":{"line":455,"column":7}},"147":{"start":{"line":445,"column":8},"end":{"line":445,"column":36}},"148":{"start":{"line":447,"column":30},"end":{"line":447,"column":49}},"149":{"start":{"line":448,"column":8},"end":{"line":453,"column":9}},"150":{"start":{"line":449,"column":10},"end":{"line":452,"column":13}},"151":{"start":{"line":454,"column":8},"end":{"line":454,"column":45}},"152":{"start":{"line":459,"column":22},"end":{"line":468,"column":64}},"153":{"start":{"line":471,"column":4},"end":{"line":476,"column":6}},"154":{"start":{"line":478,"column":4},"end":{"line":482,"column":7}},"155":{"start":{"line":484,"column":4},"end":{"line":484,"column":47}},"156":{"start":{"line":487,"column":4},"end":{"line":494,"column":5}},"157":{"start":{"line":488,"column":21},"end":{"line":488,"column":72}},"158":{"start":{"line":488,"column":60},"end":{"line":488,"column":71}},"159":{"start":{"line":489,"column":6},"end":{"line":493,"column":9}},"160":{"start":{"line":496,"column":4},"end":{"line":501,"column":5}},"161":{"start":{"line":497,"column":6},"end":{"line":500,"column":9}},"162":{"start":{"line":503,"column":4},"end":{"line":507,"column":7}},"163":{"start":{"line":514,"column":19},"end":{"line":572,"column":1}},"164":{"start":{"line":515,"column":2},"end":{"line":571,"column":3}},"165":{"start":{"line":517,"column":4},"end":{"line":522,"column":5}},"166":{"start":{"line":518,"column":6},"end":{"line":521,"column":9}},"167":{"start":{"line":524,"column":22},"end":{"line":524,"column":56}},"168":{"start":{"line":526,"column":4},"end":{"line":531,"column":5}},"169":{"start":{"line":527,"column":6},"end":{"line":530,"column":9}},"170":{"start":{"line":533,"column":4},"end":{"line":538,"column":5}},"171":{"start":{"line":534,"column":6},"end":{"line":537,"column":9}},"172":{"start":{"line":541,"column":4},"end":{"line":541,"column":32}},"173":{"start":{"line":542,"column":4},"end":{"line":542,"column":27}},"174":{"start":{"line":545,"column":4},"end":{"line":550,"column":6}},"175":{"start":{"line":552,"column":4},"end":{"line":555,"column":7}},"176":{"start":{"line":557,"column":4},"end":{"line":557,"column":47}},"177":{"start":{"line":559,"column":4},"end":{"line":564,"column":5}},"178":{"start":{"line":560,"column":6},"end":{"line":563,"column":9}},"179":{"start":{"line":566,"column":4},"end":{"line":570,"column":7}},"180":{"start":{"line":577,"column":20},"end":{"line":616,"column":1}},"181":{"start":{"line":578,"column":2},"end":{"line":615,"column":3}},"182":{"start":{"line":579,"column":35},"end":{"line":579,"column":43}},"183":{"start":{"line":581,"column":22},"end":{"line":581,"column":56}},"184":{"start":{"line":583,"column":4},"end":{"line":588,"column":5}},"185":{"start":{"line":584,"column":6},"end":{"line":587,"column":9}},"186":{"start":{"line":590,"column":4},"end":{"line":594,"column":7}},"187":{"start":{"line":596,"column":4},"end":{"line":601,"column":6}},"188":{"start":{"line":603,"column":4},"end":{"line":603,"column":67}},"189":{"start":{"line":605,"column":4},"end":{"line":608,"column":7}},"190":{"start":{"line":610,"column":4},"end":{"line":610,"column":49}},"191":{"start":{"line":611,"column":4},"end":{"line":614,"column":7}},"192":{"start":{"line":621,"column":25},"end":{"line":647,"column":1}},"193":{"start":{"line":622,"column":2},"end":{"line":646,"column":3}},"194":{"start":{"line":623,"column":31},"end":{"line":623,"column":39}},"195":{"start":{"line":625,"column":22},"end":{"line":625,"column":56}},"196":{"start":{"line":627,"column":4},"end":{"line":632,"column":5}},"197":{"start":{"line":628,"column":6},"end":{"line":631,"column":9}},"198":{"start":{"line":634,"column":4},"end":{"line":634,"column":63}},"199":{"start":{"line":636,"column":4},"end":{"line":639,"column":7}},"200":{"start":{"line":641,"column":4},"end":{"line":641,"column":54}},"201":{"start":{"line":642,"column":4},"end":{"line":645,"column":7}},"202":{"start":{"line":652,"column":24},"end":{"line":676,"column":1}},"203":{"start":{"line":653,"column":2},"end":{"line":675,"column":3}},"204":{"start":{"line":654,"column":22},"end":{"line":656,"column":25}},"205":{"start":{"line":658,"column":4},"end":{"line":663,"column":5}},"206":{"start":{"line":659,"column":6},"end":{"line":662,"column":9}},"207":{"start":{"line":665,"column":4},"end":{"line":668,"column":7}},"208":{"start":{"line":667,"column":46},"end":{"line":667,"column":71}},"209":{"start":{"line":670,"column":4},"end":{"line":670,"column":53}},"210":{"start":{"line":671,"column":4},"end":{"line":674,"column":7}},"211":{"start":{"line":681,"column":23},"end":{"line":841,"column":1}},"212":{"start":{"line":682,"column":21},"end":{"line":682,"column":25}},"213":{"start":{"line":684,"column":2},"end":{"line":840,"column":3}},"214":{"start":{"line":686,"column":4},"end":{"line":691,"column":5}},"215":{"start":{"line":687,"column":6},"end":{"line":690,"column":9}},"216":{"start":{"line":694,"column":4},"end":{"line":699,"column":5}},"217":{"start":{"line":695,"column":6},"end":{"line":698,"column":9}},"218":{"start":{"line":701,"column":4},"end":{"line":701,"column":33}},"219":{"start":{"line":704,"column":16},"end":{"line":704,"column":57}},"220":{"start":{"line":707,"column":4},"end":{"line":733,"column":5}},"221":{"start":{"line":709,"column":8},"end":{"line":709,"column":38}},"222":{"start":{"line":710,"column":8},"end":{"line":710,"column":14}},"223":{"start":{"line":713,"column":8},"end":{"line":719,"column":9}},"224":{"start":{"line":714,"column":10},"end":{"line":714,"column":40}},"225":{"start":{"line":715,"column":10},"end":{"line":718,"column":13}},"226":{"start":{"line":720,"column":8},"end":{"line":722,"column":9}},"227":{"start":{"line":721,"column":10},"end":{"line":721,"column":42}},"228":{"start":{"line":723,"column":8},"end":{"line":723,"column":14}},"229":{"start":{"line":726,"column":8},"end":{"line":726,"column":14}},"230":{"start":{"line":728,"column":8},"end":{"line":728,"column":38}},"231":{"start":{"line":729,"column":8},"end":{"line":732,"column":11}},"232":{"start":{"line":735,"column":22},"end":{"line":735,"column":47}},"233":{"start":{"line":737,"column":4},"end":{"line":743,"column":5}},"234":{"start":{"line":738,"column":6},"end":{"line":738,"column":36}},"235":{"start":{"line":739,"column":6},"end":{"line":742,"column":9}},"236":{"start":{"line":746,"column":4},"end":{"line":752,"column":5}},"237":{"start":{"line":747,"column":6},"end":{"line":747,"column":36}},"238":{"start":{"line":748,"column":6},"end":{"line":751,"column":9}},"239":{"start":{"line":755,"column":29},"end":{"line":755,"column":88}},"240":{"start":{"line":755,"column":70},"end":{"line":755,"column":84}},"241":{"start":{"line":756,"column":4},"end":{"line":762,"column":5}},"242":{"start":{"line":757,"column":6},"end":{"line":757,"column":36}},"243":{"start":{"line":758,"column":6},"end":{"line":761,"column":9}},"244":{"start":{"line":765,"column":26},"end":{"line":771,"column":5}},"245":{"start":{"line":773,"column":29},"end":{"line":773,"column":74}},"246":{"start":{"line":776,"column":25},"end":{"line":792,"column":5}},"247":{"start":{"line":785,"column":64},"end":{"line":785,"column":74}},"248":{"start":{"line":795,"column":4},"end":{"line":795,"column":60}},"249":{"start":{"line":798,"column":4},"end":{"line":798,"column":34}},"250":{"start":{"line":801,"column":24},"end":{"line":801,"column":75}},"251":{"start":{"line":804,"column":4},"end":{"line":804,"column":75}},"252":{"start":{"line":806,"column":4},"end":{"line":810,"column":7}},"253":{"start":{"line":813,"column":4},"end":{"line":813,"column":51}},"254":{"start":{"line":816,"column":4},"end":{"line":818,"column":5}},"255":{"start":{"line":817,"column":6},"end":{"line":817,"column":36}},"256":{"start":{"line":821,"column":4},"end":{"line":826,"column":5}},"257":{"start":{"line":822,"column":6},"end":{"line":825,"column":9}},"258":{"start":{"line":828,"column":4},"end":{"line":833,"column":5}},"259":{"start":{"line":829,"column":6},"end":{"line":832,"column":9}},"260":{"start":{"line":835,"column":4},"end":{"line":839,"column":7}},"261":{"start":{"line":846,"column":20},"end":{"line":894,"column":1}},"262":{"start":{"line":847,"column":2},"end":{"line":893,"column":3}},"263":{"start":{"line":848,"column":4},"end":{"line":853,"column":5}},"264":{"start":{"line":849,"column":6},"end":{"line":852,"column":9}},"265":{"start":{"line":855,"column":22},"end":{"line":855,"column":56}},"266":{"start":{"line":857,"column":4},"end":{"line":862,"column":5}},"267":{"start":{"line":858,"column":6},"end":{"line":861,"column":9}},"268":{"start":{"line":864,"column":4},"end":{"line":869,"column":5}},"269":{"start":{"line":865,"column":6},"end":{"line":868,"column":9}},"270":{"start":{"line":871,"column":4},"end":{"line":871,"column":33}},"271":{"start":{"line":872,"column":4},"end":{"line":872,"column":27}},"272":{"start":{"line":874,"column":4},"end":{"line":879,"column":6}},"273":{"start":{"line":881,"column":4},"end":{"line":885,"column":7}},"274":{"start":{"line":887,"column":4},"end":{"line":887,"column":48}},"275":{"start":{"line":888,"column":4},"end":{"line":892,"column":7}},"276":{"start":{"line":899,"column":19},"end":{"line":966,"column":1}},"277":{"start":{"line":900,"column":2},"end":{"line":965,"column":3}},"278":{"start":{"line":901,"column":27},"end":{"line":901,"column":35}},"279":{"start":{"line":903,"column":4},"end":{"line":908,"column":5}},"280":{"start":{"line":904,"column":6},"end":{"line":907,"column":9}},"281":{"start":{"line":910,"column":4},"end":{"line":915,"column":5}},"282":{"start":{"line":911,"column":6},"end":{"line":914,"column":9}},"283":{"start":{"line":917,"column":38},"end":{"line":920,"column":6}},"284":{"start":{"line":922,"column":4},"end":{"line":927,"column":5}},"285":{"start":{"line":923,"column":6},"end":{"line":926,"column":9}},"286":{"start":{"line":929,"column":4},"end":{"line":934,"column":5}},"287":{"start":{"line":930,"column":6},"end":{"line":933,"column":9}},"288":{"start":{"line":936,"column":29},"end":{"line":936,"column":49}},"289":{"start":{"line":937,"column":4},"end":{"line":937,"column":38}},"290":{"start":{"line":938,"column":4},"end":{"line":938,"column":27}},"291":{"start":{"line":940,"column":4},"end":{"line":949,"column":6}},"292":{"start":{"line":951,"column":4},"end":{"line":951,"column":78}},"293":{"start":{"line":953,"column":4},"end":{"line":957,"column":7}},"294":{"start":{"line":959,"column":4},"end":{"line":959,"column":47}},"295":{"start":{"line":960,"column":4},"end":{"line":964,"column":7}},"296":{"start":{"line":971,"column":21},"end":{"line":1044,"column":1}},"297":{"start":{"line":972,"column":2},"end":{"line":1043,"column":3}},"298":{"start":{"line":973,"column":21},"end":{"line":973,"column":42}},"299":{"start":{"line":976,"column":4},"end":{"line":980,"column":5}},"300":{"start":{"line":977,"column":6},"end":{"line":977,"column":41}},"301":{"start":{"line":978,"column":11},"end":{"line":980,"column":5}},"302":{"start":{"line":979,"column":6},"end":{"line":979,"column":43}},"303":{"start":{"line":982,"column":18},"end":{"line":1008,"column":6}},"304":{"start":{"line":1010,"column":26},"end":{"line":1019,"column":6}},"305":{"start":{"line":1021,"column":4},"end":{"line":1035,"column":7}},"306":{"start":{"line":1037,"column":4},"end":{"line":1037,"column":50}},"307":{"start":{"line":1038,"column":4},"end":{"line":1042,"column":7}},"308":{"start":{"line":1049,"column":25},"end":{"line":1110,"column":1}},"309":{"start":{"line":1050,"column":2},"end":{"line":1109,"column":3}},"310":{"start":{"line":1051,"column":4},"end":{"line":1056,"column":5}},"311":{"start":{"line":1052,"column":6},"end":{"line":1055,"column":9}},"312":{"start":{"line":1058,"column":16},"end":{"line":1058,"column":57}},"313":{"start":{"line":1061,"column":4},"end":{"line":1084,"column":5}},"314":{"start":{"line":1063,"column":8},"end":{"line":1063,"column":38}},"315":{"start":{"line":1064,"column":8},"end":{"line":1064,"column":14}},"316":{"start":{"line":1066,"column":8},"end":{"line":1071,"column":9}},"317":{"start":{"line":1067,"column":10},"end":{"line":1070,"column":13}},"318":{"start":{"line":1072,"column":8},"end":{"line":1074,"column":9}},"319":{"start":{"line":1073,"column":10},"end":{"line":1073,"column":42}},"320":{"start":{"line":1075,"column":8},"end":{"line":1075,"column":14}},"321":{"start":{"line":1078,"column":8},"end":{"line":1078,"column":14}},"322":{"start":{"line":1080,"column":8},"end":{"line":1083,"column":11}},"323":{"start":{"line":1086,"column":22},"end":{"line":1088,"column":26}},"324":{"start":{"line":1090,"column":4},"end":{"line":1095,"column":5}},"325":{"start":{"line":1091,"column":6},"end":{"line":1094,"column":9}},"326":{"start":{"line":1097,"column":4},"end":{"line":1101,"column":7}},"327":{"start":{"line":1100,"column":47},"end":{"line":1100,"column":72}},"328":{"start":{"line":1103,"column":4},"end":{"line":1103,"column":54}},"329":{"start":{"line":1104,"column":4},"end":{"line":1108,"column":7}},"330":{"start":{"line":1115,"column":23},"end":{"line":1202,"column":1}},"331":{"start":{"line":1116,"column":2},"end":{"line":1201,"column":3}},"332":{"start":{"line":1117,"column":34},"end":{"line":1117,"column":44}},"333":{"start":{"line":1119,"column":4},"end":{"line":1124,"column":5}},"334":{"start":{"line":1120,"column":6},"end":{"line":1123,"column":9}},"335":{"start":{"line":1126,"column":16},"end":{"line":1126,"column":50}},"336":{"start":{"line":1129,"column":4},"end":{"line":1152,"column":5}},"337":{"start":{"line":1131,"column":8},"end":{"line":1131,"column":38}},"338":{"start":{"line":1132,"column":8},"end":{"line":1132,"column":14}},"339":{"start":{"line":1134,"column":8},"end":{"line":1139,"column":9}},"340":{"start":{"line":1135,"column":10},"end":{"line":1138,"column":13}},"341":{"start":{"line":1140,"column":8},"end":{"line":1142,"column":9}},"342":{"start":{"line":1141,"column":10},"end":{"line":1141,"column":42}},"343":{"start":{"line":1143,"column":8},"end":{"line":1143,"column":14}},"344":{"start":{"line":1146,"column":8},"end":{"line":1146,"column":14}},"345":{"start":{"line":1148,"column":8},"end":{"line":1151,"column":11}},"346":{"start":{"line":1154,"column":22},"end":{"line":1154,"column":47}},"347":{"start":{"line":1156,"column":4},"end":{"line":1161,"column":5}},"348":{"start":{"line":1157,"column":6},"end":{"line":1160,"column":9}},"349":{"start":{"line":1163,"column":21},"end":{"line":1163,"column":50}},"350":{"start":{"line":1164,"column":4},"end":{"line":1169,"column":5}},"351":{"start":{"line":1165,"column":6},"end":{"line":1168,"column":9}},"352":{"start":{"line":1172,"column":4},"end":{"line":1177,"column":5}},"353":{"start":{"line":1173,"column":6},"end":{"line":1176,"column":9}},"354":{"start":{"line":1180,"column":4},"end":{"line":1185,"column":5}},"355":{"start":{"line":1181,"column":6},"end":{"line":1181,"column":42}},"356":{"start":{"line":1183,"column":6},"end":{"line":1183,"column":65}},"357":{"start":{"line":1188,"column":4},"end":{"line":1188,"column":56}},"358":{"start":{"line":1190,"column":4},"end":{"line":1193,"column":7}},"359":{"start":{"line":1195,"column":4},"end":{"line":1195,"column":51}},"360":{"start":{"line":1196,"column":4},"end":{"line":1200,"column":7}},"361":{"start":{"line":1207,"column":25},"end":{"line":1286,"column":1}},"362":{"start":{"line":1208,"column":2},"end":{"line":1285,"column":3}},"363":{"start":{"line":1209,"column":34},"end":{"line":1209,"column":44}},"364":{"start":{"line":1211,"column":4},"end":{"line":1216,"column":5}},"365":{"start":{"line":1212,"column":6},"end":{"line":1215,"column":9}},"366":{"start":{"line":1218,"column":16},"end":{"line":1218,"column":50}},"367":{"start":{"line":1221,"column":4},"end":{"line":1244,"column":5}},"368":{"start":{"line":1223,"column":8},"end":{"line":1223,"column":38}},"369":{"start":{"line":1224,"column":8},"end":{"line":1224,"column":14}},"370":{"start":{"line":1226,"column":8},"end":{"line":1231,"column":9}},"371":{"start":{"line":1227,"column":10},"end":{"line":1230,"column":13}},"372":{"start":{"line":1232,"column":8},"end":{"line":1234,"column":9}},"373":{"start":{"line":1233,"column":10},"end":{"line":1233,"column":42}},"374":{"start":{"line":1235,"column":8},"end":{"line":1235,"column":14}},"375":{"start":{"line":1238,"column":8},"end":{"line":1238,"column":14}},"376":{"start":{"line":1240,"column":8},"end":{"line":1243,"column":11}},"377":{"start":{"line":1246,"column":22},"end":{"line":1246,"column":47}},"378":{"start":{"line":1248,"column":4},"end":{"line":1253,"column":5}},"379":{"start":{"line":1249,"column":6},"end":{"line":1252,"column":9}},"380":{"start":{"line":1255,"column":21},"end":{"line":1255,"column":50}},"381":{"start":{"line":1256,"column":4},"end":{"line":1261,"column":5}},"382":{"start":{"line":1257,"column":6},"end":{"line":1260,"column":9}},"383":{"start":{"line":1264,"column":4},"end":{"line":1264,"column":63}},"384":{"start":{"line":1265,"column":4},"end":{"line":1265,"column":39}},"385":{"start":{"line":1266,"column":4},"end":{"line":1266,"column":27}},"386":{"start":{"line":1269,"column":4},"end":{"line":1277,"column":7}},"387":{"start":{"line":1279,"column":4},"end":{"line":1279,"column":53}},"388":{"start":{"line":1280,"column":4},"end":{"line":1284,"column":7}},"389":{"start":{"line":1291,"column":20},"end":{"line":1523,"column":1}},"390":{"start":{"line":1292,"column":2},"end":{"line":1522,"column":3}},"391":{"start":{"line":1310,"column":8},"end":{"line":1310,"column":17}},"392":{"start":{"line":1312,"column":16},"end":{"line":1312,"column":37}},"393":{"start":{"line":1313,"column":19},"end":{"line":1313,"column":21}},"394":{"start":{"line":1316,"column":4},"end":{"line":1333,"column":5}},"395":{"start":{"line":1318,"column":8},"end":{"line":1318,"column":38}},"396":{"start":{"line":1319,"column":8},"end":{"line":1319,"column":14}},"397":{"start":{"line":1321,"column":8},"end":{"line":1323,"column":9}},"398":{"start":{"line":1322,"column":10},"end":{"line":1322,"column":42}},"399":{"start":{"line":1324,"column":8},"end":{"line":1324,"column":14}},"400":{"start":{"line":1327,"column":8},"end":{"line":1327,"column":14}},"401":{"start":{"line":1329,"column":8},"end":{"line":1332,"column":11}},"402":{"start":{"line":1336,"column":4},"end":{"line":1336,"column":37}},"403":{"start":{"line":1339,"column":4},"end":{"line":1346,"column":7}},"404":{"start":{"line":1349,"column":4},"end":{"line":1356,"column":7}},"405":{"start":{"line":1359,"column":24},"end":{"line":1359,"column":26}},"406":{"start":{"line":1362,"column":4},"end":{"line":1372,"column":5}},"407":{"start":{"line":1363,"column":26},"end":{"line":1363,"column":54}},"408":{"start":{"line":1364,"column":6},"end":{"line":1371,"column":8}},"409":{"start":{"line":1375,"column":4},"end":{"line":1377,"column":5}},"410":{"start":{"line":1376,"column":6},"end":{"line":1376,"column":61}},"411":{"start":{"line":1379,"column":4},"end":{"line":1387,"column":5}},"412":{"start":{"line":1380,"column":26},"end":{"line":1380,"column":59}},"413":{"start":{"line":1381,"column":6},"end":{"line":1381,"column":50}},"414":{"start":{"line":1382,"column":6},"end":{"line":1386,"column":8}},"415":{"start":{"line":1390,"column":4},"end":{"line":1392,"column":5}},"416":{"start":{"line":1391,"column":6},"end":{"line":1391,"column":36}},"417":{"start":{"line":1394,"column":4},"end":{"line":1396,"column":5}},"418":{"start":{"line":1395,"column":6},"end":{"line":1395,"column":40}},"419":{"start":{"line":1398,"column":4},"end":{"line":1400,"column":5}},"420":{"start":{"line":1399,"column":6},"end":{"line":1399,"column":40}},"421":{"start":{"line":1402,"column":4},"end":{"line":1404,"column":5}},"422":{"start":{"line":1403,"column":6},"end":{"line":1403,"column":73}},"423":{"start":{"line":1407,"column":4},"end":{"line":1415,"column":5}},"424":{"start":{"line":1408,"column":6},"end":{"line":1408,"column":35}},"425":{"start":{"line":1409,"column":6},"end":{"line":1411,"column":7}},"426":{"start":{"line":1410,"column":8},"end":{"line":1410,"column":59}},"427":{"start":{"line":1412,"column":6},"end":{"line":1414,"column":7}},"428":{"start":{"line":1413,"column":8},"end":{"line":1413,"column":57}},"429":{"start":{"line":1418,"column":4},"end":{"line":1426,"column":5}},"430":{"start":{"line":1419,"column":6},"end":{"line":1419,"column":35}},"431":{"start":{"line":1420,"column":6},"end":{"line":1422,"column":7}},"432":{"start":{"line":1421,"column":8},"end":{"line":1421,"column":64}},"433":{"start":{"line":1423,"column":6},"end":{"line":1425,"column":7}},"434":{"start":{"line":1424,"column":8},"end":{"line":1424,"column":62}},"435":{"start":{"line":1429,"column":4},"end":{"line":1435,"column":5}},"436":{"start":{"line":1430,"column":6},"end":{"line":1434,"column":7}},"437":{"start":{"line":1431,"column":8},"end":{"line":1431,"column":57}},"438":{"start":{"line":1432,"column":13},"end":{"line":1434,"column":7}},"439":{"start":{"line":1433,"column":8},"end":{"line":1433,"column":47}},"440":{"start":{"line":1438,"column":4},"end":{"line":1440,"column":5}},"441":{"start":{"line":1439,"column":6},"end":{"line":1439,"column":47}},"442":{"start":{"line":1443,"column":4},"end":{"line":1453,"column":7}},"443":{"start":{"line":1456,"column":26},"end":{"line":1456,"column":54}},"444":{"start":{"line":1457,"column":22},"end":{"line":1457,"column":24}},"445":{"start":{"line":1458,"column":4},"end":{"line":1458,"column":38}},"446":{"start":{"line":1459,"column":4},"end":{"line":1459,"column":40}},"447":{"start":{"line":1462,"column":20},"end":{"line":1462,"column":47}},"448":{"start":{"line":1463,"column":21},"end":{"line":1463,"column":63}},"449":{"start":{"line":1464,"column":17},"end":{"line":1464,"column":41}},"450":{"start":{"line":1467,"column":26},"end":{"line":1467,"column":60}},"451":{"start":{"line":1468,"column":24},"end":{"line":1468,"column":59}},"452":{"start":{"line":1469,"column":18},"end":{"line":1469,"column":44}},"453":{"start":{"line":1472,"column":4},"end":{"line":1472,"column":35}},"454":{"start":{"line":1473,"column":4},"end":{"line":1473,"column":40}},"455":{"start":{"line":1476,"column":4},"end":{"line":1493,"column":7}},"456":{"start":{"line":1496,"column":18},"end":{"line":1496,"column":48}},"457":{"start":{"line":1498,"column":4},"end":{"line":1514,"column":7}},"458":{"start":{"line":1516,"column":4},"end":{"line":1516,"column":48}},"459":{"start":{"line":1517,"column":4},"end":{"line":1521,"column":7}},"460":{"start":{"line":1525,"column":0},"end":{"line":1542,"column":2}}},"fnMap":{"0":{"name":"(anonymous_0)","decl":{"start":{"line":12,"column":17},"end":{"line":12,"column":18}},"loc":{"start":{"line":12,"column":37},"end":{"line":144,"column":1}},"line":12},"1":{"name":"(anonymous_1)","decl":{"start":{"line":99,"column":37},"end":{"line":99,"column":38}},"loc":{"start":{"line":99,"column":50},"end":{"line":105,"column":5}},"line":99},"2":{"name":"(anonymous_2)","decl":{"start":{"line":103,"column":46},"end":{"line":103,"column":47}},"loc":{"start":{"line":103,"column":60},"end":{"line":103,"column":74}},"line":103},"3":{"name":"(anonymous_3)","decl":{"start":{"line":149,"column":16},"end":{"line":149,"column":17}},"loc":{"start":{"line":149,"column":36},"end":{"line":229,"column":1}},"line":149},"4":{"name":"(anonymous_4)","decl":{"start":{"line":198,"column":47},"end":{"line":198,"column":48}},"loc":{"start":{"line":199,"column":8},"end":{"line":199,"column":81}},"line":199},"5":{"name":"(anonymous_5)","decl":{"start":{"line":234,"column":19},"end":{"line":234,"column":20}},"loc":{"start":{"line":234,"column":39},"end":{"line":338,"column":1}},"line":234},"6":{"name":"(anonymous_6)","decl":{"start":{"line":316,"column":53},"end":{"line":316,"column":54}},"loc":{"start":{"line":316,"column":60},"end":{"line":316,"column":71}},"line":316},"7":{"name":"(anonymous_7)","decl":{"start":{"line":343,"column":19},"end":{"line":343,"column":20}},"loc":{"start":{"line":343,"column":39},"end":{"line":509,"column":1}},"line":343},"8":{"name":"(anonymous_8)","decl":{"start":{"line":488,"column":53},"end":{"line":488,"column":54}},"loc":{"start":{"line":488,"column":60},"end":{"line":488,"column":71}},"line":488},"9":{"name":"(anonymous_9)","decl":{"start":{"line":514,"column":19},"end":{"line":514,"column":20}},"loc":{"start":{"line":514,"column":39},"end":{"line":572,"column":1}},"line":514},"10":{"name":"(anonymous_10)","decl":{"start":{"line":577,"column":20},"end":{"line":577,"column":21}},"loc":{"start":{"line":577,"column":40},"end":{"line":616,"column":1}},"line":577},"11":{"name":"(anonymous_11)","decl":{"start":{"line":621,"column":25},"end":{"line":621,"column":26}},"loc":{"start":{"line":621,"column":45},"end":{"line":647,"column":1}},"line":621},"12":{"name":"(anonymous_12)","decl":{"start":{"line":652,"column":24},"end":{"line":652,"column":25}},"loc":{"start":{"line":652,"column":44},"end":{"line":676,"column":1}},"line":652},"13":{"name":"(anonymous_13)","decl":{"start":{"line":667,"column":36},"end":{"line":667,"column":37}},"loc":{"start":{"line":667,"column":46},"end":{"line":667,"column":71}},"line":667},"14":{"name":"(anonymous_14)","decl":{"start":{"line":681,"column":23},"end":{"line":681,"column":24}},"loc":{"start":{"line":681,"column":43},"end":{"line":841,"column":1}},"line":681},"15":{"name":"(anonymous_15)","decl":{"start":{"line":755,"column":56},"end":{"line":755,"column":57}},"loc":{"start":{"line":755,"column":70},"end":{"line":755,"column":84}},"line":755},"16":{"name":"(anonymous_16)","decl":{"start":{"line":785,"column":57},"end":{"line":785,"column":58}},"loc":{"start":{"line":785,"column":64},"end":{"line":785,"column":74}},"line":785},"17":{"name":"(anonymous_17)","decl":{"start":{"line":846,"column":20},"end":{"line":846,"column":21}},"loc":{"start":{"line":846,"column":40},"end":{"line":894,"column":1}},"line":846},"18":{"name":"(anonymous_18)","decl":{"start":{"line":899,"column":19},"end":{"line":899,"column":20}},"loc":{"start":{"line":899,"column":39},"end":{"line":966,"column":1}},"line":899},"19":{"name":"(anonymous_19)","decl":{"start":{"line":971,"column":21},"end":{"line":971,"column":22}},"loc":{"start":{"line":971,"column":41},"end":{"line":1044,"column":1}},"line":971},"20":{"name":"(anonymous_20)","decl":{"start":{"line":1049,"column":25},"end":{"line":1049,"column":26}},"loc":{"start":{"line":1049,"column":45},"end":{"line":1110,"column":1}},"line":1049},"21":{"name":"(anonymous_21)","decl":{"start":{"line":1100,"column":37},"end":{"line":1100,"column":38}},"loc":{"start":{"line":1100,"column":47},"end":{"line":1100,"column":72}},"line":1100},"22":{"name":"(anonymous_22)","decl":{"start":{"line":1115,"column":23},"end":{"line":1115,"column":24}},"loc":{"start":{"line":1115,"column":43},"end":{"line":1202,"column":1}},"line":1115},"23":{"name":"(anonymous_23)","decl":{"start":{"line":1207,"column":25},"end":{"line":1207,"column":26}},"loc":{"start":{"line":1207,"column":45},"end":{"line":1286,"column":1}},"line":1207},"24":{"name":"(anonymous_24)","decl":{"start":{"line":1291,"column":20},"end":{"line":1291,"column":21}},"loc":{"start":{"line":1291,"column":40},"end":{"line":1523,"column":1}},"line":1291}},"branchMap":{"0":{"loc":{"start":{"line":17,"column":4},"end":{"line":35,"column":5}},"type":"switch","locations":[{"start":{"line":18,"column":6},"end":{"line":20,"column":14}},{"start":{"line":21,"column":6},"end":{"line":26,"column":14}},{"start":{"line":27,"column":6},"end":{"line":29,"column":14}},{"start":{"line":30,"column":6},"end":{"line":34,"column":11}}],"line":17},"1":{"loc":{"start":{"line":23,"column":8},"end":{"line":25,"column":9}},"type":"if","locations":[{"start":{"line":23,"column":8},"end":{"line":25,"column":9}},{"start":{},"end":{}}],"line":23},"2":{"loc":{"start":{"line":38,"column":4},"end":{"line":40,"column":5}},"type":"if","locations":[{"start":{"line":38,"column":4},"end":{"line":40,"column":5}},{"start":{},"end":{}}],"line":38},"3":{"loc":{"start":{"line":38,"column":8},"end":{"line":38,"column":104}},"type":"binary-expr","locations":[{"start":{"line":38,"column":8},"end":{"line":38,"column":24}},{"start":{"line":38,"column":28},"end":{"line":38,"column":104}}],"line":38},"4":{"loc":{"start":{"line":42,"column":4},"end":{"line":44,"column":5}},"type":"if","locations":[{"start":{"line":42,"column":4},"end":{"line":44,"column":5}},{"start":{},"end":{}}],"line":42},"5":{"loc":{"start":{"line":46,"column":4},"end":{"line":48,"column":5}},"type":"if","locations":[{"start":{"line":46,"column":4},"end":{"line":48,"column":5}},{"start":{},"end":{}}],"line":46},"6":{"loc":{"start":{"line":46,"column":8},"end":{"line":46,"column":94}},"type":"binary-expr","locations":[{"start":{"line":46,"column":8},"end":{"line":46,"column":26}},{"start":{"line":46,"column":30},"end":{"line":46,"column":94}}],"line":46},"7":{"loc":{"start":{"line":50,"column":4},"end":{"line":52,"column":5}},"type":"if","locations":[{"start":{"line":50,"column":4},"end":{"line":52,"column":5}},{"start":{},"end":{}}],"line":50},"8":{"loc":{"start":{"line":50,"column":8},"end":{"line":50,"column":85}},"type":"binary-expr","locations":[{"start":{"line":50,"column":8},"end":{"line":50,"column":28}},{"start":{"line":50,"column":32},"end":{"line":50,"column":85}}],"line":50},"9":{"loc":{"start":{"line":55,"column":4},"end":{"line":63,"column":5}},"type":"if","locations":[{"start":{"line":55,"column":4},"end":{"line":63,"column":5}},{"start":{},"end":{}}],"line":55},"10":{"loc":{"start":{"line":55,"column":8},"end":{"line":55,"column":48}},"type":"binary-expr","locations":[{"start":{"line":55,"column":8},"end":{"line":55,"column":27}},{"start":{"line":55,"column":31},"end":{"line":55,"column":48}}],"line":55},"11":{"loc":{"start":{"line":57,"column":6},"end":{"line":59,"column":7}},"type":"if","locations":[{"start":{"line":57,"column":6},"end":{"line":59,"column":7}},{"start":{},"end":{}}],"line":57},"12":{"loc":{"start":{"line":60,"column":6},"end":{"line":62,"column":7}},"type":"if","locations":[{"start":{"line":60,"column":6},"end":{"line":62,"column":7}},{"start":{},"end":{}}],"line":60},"13":{"loc":{"start":{"line":66,"column":4},"end":{"line":73,"column":5}},"type":"if","locations":[{"start":{"line":66,"column":4},"end":{"line":73,"column":5}},{"start":{},"end":{}}],"line":66},"14":{"loc":{"start":{"line":76,"column":29},"end":{"line":76,"column":62}},"type":"binary-expr","locations":[{"start":{"line":76,"column":29},"end":{"line":76,"column":57}},{"start":{"line":76,"column":61},"end":{"line":76,"column":62}}],"line":76},"15":{"loc":{"start":{"line":77,"column":43},"end":{"line":77,"column":78}},"type":"binary-expr","locations":[{"start":{"line":77,"column":43},"end":{"line":77,"column":72}},{"start":{"line":77,"column":76},"end":{"line":77,"column":78}}],"line":77},"16":{"loc":{"start":{"line":81,"column":19},"end":{"line":81,"column":50}},"type":"binary-expr","locations":[{"start":{"line":81,"column":19},"end":{"line":81,"column":35}},{"start":{"line":81,"column":39},"end":{"line":81,"column":50}}],"line":81},"17":{"loc":{"start":{"line":82,"column":22},"end":{"line":82,"column":60}},"type":"cond-expr","locations":[{"start":{"line":82,"column":54},"end":{"line":82,"column":55}},{"start":{"line":82,"column":58},"end":{"line":82,"column":60}}],"line":82},"18":{"loc":{"start":{"line":102,"column":24},"end":{"line":102,"column":55}},"type":"binary-expr","locations":[{"start":{"line":102,"column":24},"end":{"line":102,"column":50}},{"start":{"line":102,"column":54},"end":{"line":102,"column":55}}],"line":102},"19":{"loc":{"start":{"line":103,"column":19},"end":{"line":103,"column":83}},"type":"binary-expr","locations":[{"start":{"line":103,"column":19},"end":{"line":103,"column":78}},{"start":{"line":103,"column":82},"end":{"line":103,"column":83}}],"line":103},"20":{"loc":{"start":{"line":131,"column":4},"end":{"line":136,"column":5}},"type":"if","locations":[{"start":{"line":131,"column":4},"end":{"line":136,"column":5}},{"start":{},"end":{}}],"line":131},"21":{"loc":{"start":{"line":141,"column":13},"end":{"line":141,"column":79}},"type":"cond-expr","locations":[{"start":{"line":141,"column":54},"end":{"line":141,"column":67}},{"start":{"line":141,"column":70},"end":{"line":141,"column":79}}],"line":141},"22":{"loc":{"start":{"line":152,"column":4},"end":{"line":157,"column":5}},"type":"if","locations":[{"start":{"line":152,"column":4},"end":{"line":157,"column":5}},{"start":{},"end":{}}],"line":152},"23":{"loc":{"start":{"line":162,"column":4},"end":{"line":180,"column":5}},"type":"switch","locations":[{"start":{"line":163,"column":6},"end":{"line":165,"column":14}},{"start":{"line":166,"column":6},"end":{"line":171,"column":14}},{"start":{"line":172,"column":6},"end":{"line":174,"column":14}},{"start":{"line":175,"column":6},"end":{"line":179,"column":11}}],"line":162},"24":{"loc":{"start":{"line":168,"column":8},"end":{"line":170,"column":9}},"type":"if","locations":[{"start":{"line":168,"column":8},"end":{"line":170,"column":9}},{"start":{},"end":{}}],"line":168},"25":{"loc":{"start":{"line":189,"column":4},"end":{"line":194,"column":5}},"type":"if","locations":[{"start":{"line":189,"column":4},"end":{"line":194,"column":5}},{"start":{},"end":{}}],"line":189},"26":{"loc":{"start":{"line":197,"column":4},"end":{"line":201,"column":5}},"type":"if","locations":[{"start":{"line":197,"column":4},"end":{"line":201,"column":5}},{"start":{},"end":{}}],"line":197},"27":{"loc":{"start":{"line":199,"column":8},"end":{"line":199,"column":81}},"type":"binary-expr","locations":[{"start":{"line":199,"column":8},"end":{"line":199,"column":23}},{"start":{"line":199,"column":27},"end":{"line":199,"column":81}}],"line":199},"28":{"loc":{"start":{"line":216,"column":4},"end":{"line":221,"column":5}},"type":"if","locations":[{"start":{"line":216,"column":4},"end":{"line":221,"column":5}},{"start":{},"end":{}}],"line":216},"29":{"loc":{"start":{"line":226,"column":13},"end":{"line":226,"column":79}},"type":"cond-expr","locations":[{"start":{"line":226,"column":54},"end":{"line":226,"column":67}},{"start":{"line":226,"column":70},"end":{"line":226,"column":79}}],"line":226},"30":{"loc":{"start":{"line":239,"column":4},"end":{"line":244,"column":5}},"type":"if","locations":[{"start":{"line":239,"column":4},"end":{"line":244,"column":5}},{"start":{},"end":{}}],"line":239},"31":{"loc":{"start":{"line":239,"column":8},"end":{"line":239,"column":56}},"type":"binary-expr","locations":[{"start":{"line":239,"column":8},"end":{"line":239,"column":14}},{"start":{"line":239,"column":18},"end":{"line":239,"column":30}},{"start":{"line":239,"column":34},"end":{"line":239,"column":43}},{"start":{"line":239,"column":47},"end":{"line":239,"column":56}}],"line":239},"32":{"loc":{"start":{"line":247,"column":4},"end":{"line":252,"column":5}},"type":"if","locations":[{"start":{"line":247,"column":4},"end":{"line":252,"column":5}},{"start":{},"end":{}}],"line":247},"33":{"loc":{"start":{"line":255,"column":4},"end":{"line":260,"column":5}},"type":"if","locations":[{"start":{"line":255,"column":4},"end":{"line":260,"column":5}},{"start":{},"end":{}}],"line":255},"34":{"loc":{"start":{"line":255,"column":8},"end":{"line":255,"column":43}},"type":"binary-expr","locations":[{"start":{"line":255,"column":8},"end":{"line":255,"column":15}},{"start":{"line":255,"column":19},"end":{"line":255,"column":43}}],"line":255},"35":{"loc":{"start":{"line":264,"column":4},"end":{"line":279,"column":5}},"type":"if","locations":[{"start":{"line":264,"column":4},"end":{"line":279,"column":5}},{"start":{},"end":{}}],"line":264},"36":{"loc":{"start":{"line":265,"column":6},"end":{"line":270,"column":7}},"type":"if","locations":[{"start":{"line":265,"column":6},"end":{"line":270,"column":7}},{"start":{},"end":{}}],"line":265},"37":{"loc":{"start":{"line":273,"column":6},"end":{"line":278,"column":7}},"type":"if","locations":[{"start":{"line":273,"column":6},"end":{"line":278,"column":7}},{"start":{},"end":{}}],"line":273},"38":{"loc":{"start":{"line":273,"column":10},"end":{"line":273,"column":77}},"type":"binary-expr","locations":[{"start":{"line":273,"column":10},"end":{"line":273,"column":23}},{"start":{"line":273,"column":27},"end":{"line":273,"column":77}}],"line":273},"39":{"loc":{"start":{"line":282,"column":4},"end":{"line":287,"column":5}},"type":"if","locations":[{"start":{"line":282,"column":4},"end":{"line":287,"column":5}},{"start":{},"end":{}}],"line":282},"40":{"loc":{"start":{"line":282,"column":8},"end":{"line":282,"column":53}},"type":"binary-expr","locations":[{"start":{"line":282,"column":8},"end":{"line":282,"column":17}},{"start":{"line":282,"column":21},"end":{"line":282,"column":53}}],"line":282},"41":{"loc":{"start":{"line":294,"column":16},"end":{"line":294,"column":36}},"type":"binary-expr","locations":[{"start":{"line":294,"column":16},"end":{"line":294,"column":24}},{"start":{"line":294,"column":28},"end":{"line":294,"column":36}}],"line":294},"42":{"loc":{"start":{"line":296,"column":18},"end":{"line":296,"column":44}},"type":"binary-expr","locations":[{"start":{"line":296,"column":18},"end":{"line":296,"column":28}},{"start":{"line":296,"column":32},"end":{"line":296,"column":44}}],"line":296},"43":{"loc":{"start":{"line":297,"column":17},"end":{"line":297,"column":60}},"type":"cond-expr","locations":[{"start":{"line":297,"column":29},"end":{"line":297,"column":48}},{"start":{"line":297,"column":51},"end":{"line":297,"column":60}}],"line":297},"44":{"loc":{"start":{"line":315,"column":4},"end":{"line":322,"column":5}},"type":"if","locations":[{"start":{"line":315,"column":4},"end":{"line":322,"column":5}},{"start":{},"end":{}}],"line":315},"45":{"loc":{"start":{"line":325,"column":4},"end":{"line":330,"column":5}},"type":"if","locations":[{"start":{"line":325,"column":4},"end":{"line":330,"column":5}},{"start":{},"end":{}}],"line":325},"46":{"loc":{"start":{"line":335,"column":13},"end":{"line":335,"column":79}},"type":"cond-expr","locations":[{"start":{"line":335,"column":54},"end":{"line":335,"column":67}},{"start":{"line":335,"column":70},"end":{"line":335,"column":79}}],"line":335},"47":{"loc":{"start":{"line":346,"column":4},"end":{"line":351,"column":5}},"type":"if","locations":[{"start":{"line":346,"column":4},"end":{"line":351,"column":5}},{"start":{},"end":{}}],"line":346},"48":{"loc":{"start":{"line":355,"column":4},"end":{"line":360,"column":5}},"type":"if","locations":[{"start":{"line":355,"column":4},"end":{"line":360,"column":5}},{"start":{},"end":{}}],"line":355},"49":{"loc":{"start":{"line":366,"column":4},"end":{"line":374,"column":5}},"type":"if","locations":[{"start":{"line":366,"column":4},"end":{"line":374,"column":5}},{"start":{},"end":{}}],"line":366},"50":{"loc":{"start":{"line":367,"column":6},"end":{"line":372,"column":7}},"type":"if","locations":[{"start":{"line":367,"column":6},"end":{"line":372,"column":7}},{"start":{},"end":{}}],"line":367},"51":{"loc":{"start":{"line":376,"column":4},"end":{"line":384,"column":5}},"type":"if","locations":[{"start":{"line":376,"column":4},"end":{"line":384,"column":5}},{"start":{},"end":{}}],"line":376},"52":{"loc":{"start":{"line":377,"column":6},"end":{"line":382,"column":7}},"type":"if","locations":[{"start":{"line":377,"column":6},"end":{"line":382,"column":7}},{"start":{},"end":{}}],"line":377},"53":{"loc":{"start":{"line":386,"column":4},"end":{"line":388,"column":5}},"type":"if","locations":[{"start":{"line":386,"column":4},"end":{"line":388,"column":5}},{"start":{},"end":{}}],"line":386},"54":{"loc":{"start":{"line":390,"column":4},"end":{"line":398,"column":5}},"type":"if","locations":[{"start":{"line":390,"column":4},"end":{"line":398,"column":5}},{"start":{},"end":{}}],"line":390},"55":{"loc":{"start":{"line":391,"column":6},"end":{"line":396,"column":7}},"type":"if","locations":[{"start":{"line":391,"column":6},"end":{"line":396,"column":7}},{"start":{},"end":{}}],"line":391},"56":{"loc":{"start":{"line":401,"column":4},"end":{"line":417,"column":5}},"type":"if","locations":[{"start":{"line":401,"column":4},"end":{"line":417,"column":5}},{"start":{},"end":{}}],"line":401},"57":{"loc":{"start":{"line":402,"column":6},"end":{"line":407,"column":7}},"type":"if","locations":[{"start":{"line":402,"column":6},"end":{"line":407,"column":7}},{"start":{},"end":{}}],"line":402},"58":{"loc":{"start":{"line":410,"column":6},"end":{"line":415,"column":7}},"type":"if","locations":[{"start":{"line":410,"column":6},"end":{"line":415,"column":7}},{"start":{},"end":{}}],"line":410},"59":{"loc":{"start":{"line":410,"column":10},"end":{"line":410,"column":45}},"type":"binary-expr","locations":[{"start":{"line":410,"column":10},"end":{"line":410,"column":17}},{"start":{"line":410,"column":21},"end":{"line":410,"column":45}}],"line":410},"60":{"loc":{"start":{"line":420,"column":4},"end":{"line":440,"column":5}},"type":"if","locations":[{"start":{"line":420,"column":4},"end":{"line":440,"column":5}},{"start":{},"end":{}}],"line":420},"61":{"loc":{"start":{"line":421,"column":6},"end":{"line":439,"column":7}},"type":"if","locations":[{"start":{"line":421,"column":6},"end":{"line":439,"column":7}},{"start":{"line":423,"column":13},"end":{"line":439,"column":7}}],"line":421},"62":{"loc":{"start":{"line":424,"column":8},"end":{"line":429,"column":9}},"type":"if","locations":[{"start":{"line":424,"column":8},"end":{"line":429,"column":9}},{"start":{},"end":{}}],"line":424},"63":{"loc":{"start":{"line":432,"column":8},"end":{"line":437,"column":9}},"type":"if","locations":[{"start":{"line":432,"column":8},"end":{"line":437,"column":9}},{"start":{},"end":{}}],"line":432},"64":{"loc":{"start":{"line":432,"column":12},"end":{"line":432,"column":79}},"type":"binary-expr","locations":[{"start":{"line":432,"column":12},"end":{"line":432,"column":25}},{"start":{"line":432,"column":29},"end":{"line":432,"column":79}}],"line":432},"65":{"loc":{"start":{"line":443,"column":4},"end":{"line":456,"column":5}},"type":"if","locations":[{"start":{"line":443,"column":4},"end":{"line":456,"column":5}},{"start":{},"end":{}}],"line":443},"66":{"loc":{"start":{"line":444,"column":6},"end":{"line":455,"column":7}},"type":"if","locations":[{"start":{"line":444,"column":6},"end":{"line":455,"column":7}},{"start":{"line":446,"column":13},"end":{"line":455,"column":7}}],"line":444},"67":{"loc":{"start":{"line":448,"column":8},"end":{"line":453,"column":9}},"type":"if","locations":[{"start":{"line":448,"column":8},"end":{"line":453,"column":9}},{"start":{},"end":{}}],"line":448},"68":{"loc":{"start":{"line":487,"column":4},"end":{"line":494,"column":5}},"type":"if","locations":[{"start":{"line":487,"column":4},"end":{"line":494,"column":5}},{"start":{},"end":{}}],"line":487},"69":{"loc":{"start":{"line":496,"column":4},"end":{"line":501,"column":5}},"type":"if","locations":[{"start":{"line":496,"column":4},"end":{"line":501,"column":5}},{"start":{},"end":{}}],"line":496},"70":{"loc":{"start":{"line":506,"column":13},"end":{"line":506,"column":79}},"type":"cond-expr","locations":[{"start":{"line":506,"column":54},"end":{"line":506,"column":67}},{"start":{"line":506,"column":70},"end":{"line":506,"column":79}}],"line":506},"71":{"loc":{"start":{"line":517,"column":4},"end":{"line":522,"column":5}},"type":"if","locations":[{"start":{"line":517,"column":4},"end":{"line":522,"column":5}},{"start":{},"end":{}}],"line":517},"72":{"loc":{"start":{"line":526,"column":4},"end":{"line":531,"column":5}},"type":"if","locations":[{"start":{"line":526,"column":4},"end":{"line":531,"column":5}},{"start":{},"end":{}}],"line":526},"73":{"loc":{"start":{"line":533,"column":4},"end":{"line":538,"column":5}},"type":"if","locations":[{"start":{"line":533,"column":4},"end":{"line":538,"column":5}},{"start":{},"end":{}}],"line":533},"74":{"loc":{"start":{"line":549,"column":16},"end":{"line":549,"column":55}},"type":"binary-expr","locations":[{"start":{"line":549,"column":16},"end":{"line":549,"column":31}},{"start":{"line":549,"column":35},"end":{"line":549,"column":55}}],"line":549},"75":{"loc":{"start":{"line":559,"column":4},"end":{"line":564,"column":5}},"type":"if","locations":[{"start":{"line":559,"column":4},"end":{"line":564,"column":5}},{"start":{},"end":{}}],"line":559},"76":{"loc":{"start":{"line":569,"column":13},"end":{"line":569,"column":79}},"type":"cond-expr","locations":[{"start":{"line":569,"column":54},"end":{"line":569,"column":67}},{"start":{"line":569,"column":70},"end":{"line":569,"column":79}}],"line":569},"77":{"loc":
[...]
,"C:\\Users\\HP\\OneDrive\\Desktop\\advocate\\advocate_app\\backend\\routes\\notifications.js": {"path":"C:\\Users\\HP\\OneDrive\\Desktop\\advocate\\advocate_app\\backend\\routes\\notifications.js","statementMap":{"0":{"start":{"line":2,"column":16},"end":{"line":2,"column":34}},"1":{"start":{"line":3,"column":15},"end":{"line":3,"column":31}},"2":{"start":{"line":4,"column":31},"end":{"line":4,"column":60}},"3":{"start":{"line":12,"column":4},"end":{"line":12,"column":52}},"4":{"start":{"line":17,"column":0},"end":{"line":17,"column":90}},"5":{"start":{"line":22,"column":0},"end":{"line":22,"column":79}},"6":{"start":{"line":27,"column":0},"end":{"line":27,"column":97}},"7":{"start":{"line":32,"column":0},"end":{"line":32,"column":71}},"8":{"start":{"line":37,"column":0},"end":{"line":37,"column":103}},"9":{"start":{"line":42,"column":0},"end":{"line":42,"column":84}},"10":{"start":{"line":44,"column":0},"end":{"line":44,"column":24}}},"fnMap":{},"branchMap":{},"s":{"0":0,"1":0,"2":0,"3":0,"4":0,"5":0,"6":0,"7":0,"8":0,"9":0,"10":0},"f":{},"b":{}}
,"C:\\Users\\HP\\OneDrive\\Desktop\\advocate\\advocate_app\\backend\\routes\\payments.js": {"path":"C:\\Users\\HP\\OneDrive\\Desktop\\advocate\\advocate_app\\backend\\routes\\payments.js","statementMap":{"0":{"start":{"line":2,"column":16},"end":{"line":2,"column":34}},"1":{"start":{"line":3,"column":15},"end":{"line":3,"column":31}},"2":{"start":{"line":4,"column":20},"end":{"line":4,"column":49}},"3":{"start":{"line":5,"column":45},"end":{"line":5,"column":88}},"4":{"start":{"line":8,"column":0},"end":{"line":8,"column":51}},"5":{"start":{"line":11,"column":0},"end":{"line":11,"column":42}},"6":{"start":{"line":13,"column":0},"end":{"line":13,"column":24}}},"fnMap":{},"branchMap":{},"s":{"0":0,"1":0,"2":0,"3":0,"4":0,"5":0,"6":0},"f":{},"b":{}}
,"C:\\Users\\HP\\OneDrive\\Desktop\\advocate\\advocate_app\\backend\\routes\\userManagement.js": {"path":"C:\\Users\\HP\\OneDrive\\Desktop\\advocate\\advocate_app\\backend\\routes\\userManagement.js","statementMap":{"0":{"start":{"line":2,"column":16},"end":{"line":2,"column":34}},"1":{"start":{"line":3,"column":15},"end":{"line":3,"column":31}},"2":{"start":{"line":4,"column":31},"end":{"line":4,"column":60}},"3":{"start":{"line":5,"column":33},"end":{"line":5,"column":83}},"4":{"start":{"line":10,"column":0},"end":{"line":14,"column":2}},"5":{"start":{"line":19,"column":0},"end":{"line":23,"column":2}},"6":{"start":{"line":28,"column":0},"end":{"line":32,"column":2}},"7":{"start":{"line":37,"column":0},"end":{"line":41,"column":2}},"8":{"start":{"line":46,"column":0},"end":{"line":50,"column":2}},"9":{"start":{"line":55,"column":0},"end":{"line":87,"column":2}},"10":{"start":{"line":59,"column":4},"end":{"line":85,"column":5}},"11":{"start":{"line":60,"column":19},"end":{"line":60,"column":44}},"12":{"start":{"line":61,"column":21},"end":{"line":61,"column":34}},"13":{"start":{"line":63,"column":19},"end":{"line":63,"column":46}},"14":{"start":{"line":64,"column":6},"end":{"line":69,"column":7}},"15":{"start":{"line":65,"column":8},"end":{"line":68,"column":11}},"16":{"start":{"line":71,"column":6},"end":{"line":71,"column":27}},"17":{"start":{"line":72,"column":6},"end":{"line":72,"column":24}},"18":{"start":{"line":74,"column":6},"end":{"line":77,"column":9}},"19":{"start":{"line":80,"column":6},"end":{"line":80,"column":51}},"20":{"start":{"line":81,"column":6},"end":{"line":84,"column":9}},"21":{"start":{"line":92,"column":0},"end":{"line":96,"column":2}},"22":{"start":{"line":101,"column":0},"end":{"line":139,"column":2}},"23":{"start":{"line":105,"column":4},"end":{"line":137,"column":5}},"24":{"start":{"line":106,"column":19},"end":{"line":106,"column":44}},"25":{"start":{"line":107,"column":21},"end":{"line":107,"column":34}},"26":{"start":{"line":109,"column":19},"end":{"line":109,"column":46}},"27":{"start":{"line":110,"column":6},"end":{"line":115,"column":7}},"28":{"start":{"line":111,"column":8},"end":{"line":114,"column":11}},"29":{"start":{"line":117,"column":6},"end":{"line":122,"column":7}},"30":{"start":{"line":118,"column":8},"end":{"line":121,"column":11}},"31":{"start":{"line":124,"column":6},"end":{"line":124,"column":43}},"32":{"start":{"line":126,"column":6},"end":{"line":129,"column":9}},"33":{"start":{"line":132,"column":6},"end":{"line":132,"column":49}},"34":{"start":{"line":133,"column":6},"end":{"line":136,"column":9}},"35":{"start":{"line":141,"column":0},"end":{"line":141,"column":24}}},"fnMap":{"0":{"name":"(anonymous_0)","decl":{"start":{"line":58,"column":2},"end":{"line":58,"column":3}},"loc":{"start":{"line":58,"column":22},"end":{"line":86,"column":3}},"line":58},"1":{"name":"(anonymous_1)","decl":{"start":{"line":104,"column":2},"end":{"line":104,"column":3}},"loc":{"start":{"line":104,"column":22},"end":{"line":138,"column":3}},"line":104}},"branchMap":{"0":{"loc":{"start":{"line":64,"column":6},"end":{"line":69,"column":7}},"type":"if","locations":[{"start":{"line":64,"column":6},"end":{"line":69,"column":7}},{"start":{},"end":{}}],"line":64},"1":{"loc":{"start":{"line":110,"column":6},"end":{"line":115,"column":7}},"type":"if","locations":[{"start":{"line":110,"column":6},"end":{"line":115,"column":7}},{"start":{},"end":{}}],"line":110},"2":{"loc":{"start":{"line":117,"column":6},"end":{"line":122,"column":7}},"type":"if","locations":[{"start":{"line":117,"column":6},"end":{"line":122,"column":7}},{"start":{},"end":{}}],"line":117}},"s":{"0":0,"1":0,"2":0,"3":0,"4":0,"5":0,"6":0,"7":0,"8":0,"9":0,"10":0,"11":0,"12":0,"13":0,"14":0,"15":0,"16":0,"17":0,"18":0,"19":0,"20":0,"21":0,"22":0,"23":0,"24":0,"25":0,"26":0,"27":0,"28":0,"29":0,"30":0,"31":0,"32":0,"33":0,"34":0,"35":0},"f":{"0":0,"1":0},"b":{"0":[0,0],"1":[0,0],"2":[0,0]}}
,"C:\\Users\\HP\\OneDrive\\Desktop\\advocate\\advocate_app\\backend\\routes\\whatsapp.js": {"path":"C:\\Users\\HP\\OneDrive\\Desktop\\advocate\\advocate_app\\backend\\routes\\whatsapp.js","statementMap":{"0":{"start":{"line":2,"column":16},"end":{"line":2,"column":34}},"1":{"start":{"line":3,"column":15},"end":{"line":3,"column":31}},"2":{"start":{"line":4,"column":24},"end":{"line":4,"column":59}},"3":{"start":{"line":7,"column":0},"end":{"line":19,"column":3}},"4":{"start":{"line":8,"column":15},"end":{"line":8,"column":36}},"5":{"start":{"line":9,"column":16},"end":{"line":9,"column":45}},"6":{"start":{"line":10,"column":20},"end":{"line":10,"column":46}},"7":{"start":{"line":12,"column":29},"end":{"line":12,"column":82}},"8":{"start":{"line":14,"column":2},"end":{"line":18,"column":3}},"9":{"start":{"line":15,"column":4},"end":{"line":15,"column":36}},"10":{"start":{"line":17,"column":4},"end":{"line":17,"column":38}},"11":{"start":{"line":22,"column":0},"end":{"line":50,"column":3}},"12":{"start":{"line":23,"column":2},"end":{"line":49,"column":3}},"13":{"start":{"line":24,"column":17},"end":{"line":24,"column":25}},"14":{"start":{"line":27,"column":4},"end":{"line":43,"column":5}},"15":{"start":{"line":28,"column":6},"end":{"line":42,"column":9}},"16":{"start":{"line":29,"column":24},"end":{"line":29,"column":37}},"17":{"start":{"line":31,"column":8},"end":{"line":41,"column":11}},"18":{"start":{"line":32,"column":10},"end":{"line":40,"column":11}},"19":{"start":{"line":33,"column":29},"end":{"line":33,"column":50}},"20":{"start":{"line":35,"column":12},"end":{"line":39,"column":13}},"21":{"start":{"line":36,"column":14},"end":{"line":38,"column":17}},"22":{"start":{"line":37,"column":16},"end":{"line":37,"column":70}},"23":{"start":{"line":45,"column":4},"end":{"line":45,"column":31}},"24":{"start":{"line":47,"column":4},"end":{"line":47,"column":63}},"25":{"start":{"line":48,"column":4},"end":{"line":48,"column":50}},"26":{"start":{"line":53,"column":0},"end":{"line":85,"column":3}},"27":{"start":{"line":54,"column":2},"end":{"line":84,"column":3}},"28":{"start":{"line":55,"column":43},"end":{"line":55,"column":51}},"29":{"start":{"line":57,"column":4},"end":{"line":62,"column":5}},"30":{"start":{"line":58,"column":6},"end":{"line":61,"column":9}},"31":{"start":{"line":65,"column":4},"end":{"line":70,"column":5}},"32":{"start":{"line":66,"column":57},"end":{"line":66,"column":65}},"33":{"start":{"line":67,"column":6},"end":{"line":67,"column":101}},"34":{"start":{"line":69,"column":6},"end":{"line":69,"column":66}},"35":{"start":{"line":72,"column":4},"end":{"line":76,"column":7}},"36":{"start":{"line":78,"column":4},"end":{"line":78,"column":60}},"37":{"start":{"line":79,"column":4},"end":{"line":83,"column":7}},"38":{"start":{"line":88,"column":0},"end":{"line":120,"column":3}},"39":{"start":{"line":89,"column":2},"end":{"line":119,"column":3}},"40":{"start":{"line":90,"column":79},"end":{"line":90,"column":87}},"41":{"start":{"line":92,"column":4},"end":{"line":97,"column":5}},"42":{"start":{"line":93,"column":6},"end":{"line":96,"column":9}},"43":{"start":{"line":99,"column":19},"end":{"line":105,"column":5}},"44":{"start":{"line":107,"column":4},"end":{"line":111,"column":7}},"45":{"start":{"line":113,"column":4},"end":{"line":113,"column":64}},"46":{"start":{"line":114,"column":4},"end":{"line":118,"column":7}},"47":{"start":{"line":123,"column":0},"end":{"line":155,"column":3}},"48":{"start":{"line":124,"column":2},"end":{"line":154,"column":3}},"49":{"start":{"line":125,"column":64},"end":{"line":125,"column":72}},"50":{"start":{"line":127,"column":4},"end":{"line":132,"column":5}},"51":{"start":{"line":128,"column":6},"end":{"line":131,"column":9}},"52":{"start":{"line":134,"column":19},"end":{"line":140,"column":5}},"53":{"start":{"line":142,"column":4},"end":{"line":146,"column":7}},"54":{"start":{"line":148,"column":4},"end":{"line":148,"column":55}},"55":{"start":{"line":149,"column":4},"end":{"line":153,"column":7}},"56":{"start":{"line":158,"column":0},"end":{"line":190,"column":3}},"57":{"start":{"line":159,"column":2},"end":{"line":189,"column":3}},"58":{"start":{"line":160,"column":63},"end":{"line":160,"column":71}},"59":{"start":{"line":162,"column":4},"end":{"line":167,"column":5}},"60":{"start":{"line":163,"column":6},"end":{"line":166,"column":9}},"61":{"start":{"line":169,"column":19},"end":{"line":175,"column":5}},"62":{"start":{"line":177,"column":4},"end":{"line":181,"column":7}},"63":{"start":{"line":183,"column":4},"end":{"line":183,"column":64}},"64":{"start":{"line":184,"column":4},"end":{"line":188,"column":7}},"65":{"start":{"line":193,"column":0},"end":{"line":219,"column":3}},"66":{"start":{"line":194,"column":2},"end":{"line":218,"column":3}},"67":{"start":{"line":195,"column":31},"end":{"line":195,"column":39}},"68":{"start":{"line":197,"column":4},"end":{"line":202,"column":5}},"69":{"start":{"line":198,"column":6},"end":{"line":201,"column":9}},"70":{"start":{"line":204,"column":19},"end":{"line":204,"column":75}},"71":{"start":{"line":206,"column":4},"end":{"line":210,"column":7}},"72":{"start":{"line":212,"column":4},"end":{"line":212,"column":59}},"73":{"start":{"line":213,"column":4},"end":{"line":217,"column":7}},"74":{"start":{"line":222,"column":0},"end":{"line":251,"column":3}},"75":{"start":{"line":223,"column":2},"end":{"line":250,"column":3}},"76":{"start":{"line":224,"column":37},"end":{"line":224,"column":45}},"77":{"start":{"line":226,"column":4},"end":{"line":231,"column":5}},"78":{"start":{"line":227,"column":6},"end":{"line":230,"column":9}},"79":{"start":{"line":233,"column":20},"end":{"line":233,"column":73}},"80":{"start":{"line":235,"column":4},"end":{"line":242,"column":7}},"81":{"start":{"line":244,"column":4},"end":{"line":244,"column":64}},"82":{"start":{"line":245,"column":4},"end":{"line":249,"column":7}},"83":{"start":{"line":254,"column":0},"end":{"line":284,"column":3}},"84":{"start":{"line":255,"column":2},"end":{"line":283,"column":3}},"85":{"start":{"line":256,"column":28},"end":{"line":256,"column":36}},"86":{"start":{"line":258,"column":4},"end":{"line":263,"column":5}},"87":{"start":{"line":259,"column":6},"end":{"line":262,"column":9}},"88":{"start":{"line":265,"column":20},"end":{"line":265,"column":67}},"89":{"start":{"line":266,"column":22},"end":{"line":266,"column":68}},"90":{"start":{"line":268,"column":4},"end":{"line":275,"column":7}},"91":{"start":{"line":277,"column":4},"end":{"line":277,"column":59}},"92":{"start":{"line":278,"column":4},"end":{"line":282,"column":7}},"93":{"start":{"line":286,"column":0},"end":{"line":286,"column":24}}},"fnMap":{"0":{"name":"(anonymous_0)","decl":{"start":{"line":7,"column":23},"end":{"line":7,"column":24}},"loc":{"start":{"line":7,"column":37},"end":{"line":19,"column":1}},"line":7},"1":{"name":"(anonymous_1)","decl":{"start":{"line":22,"column":24},"end":{"line":22,"column":25}},"loc":{"start":{"line":22,"column":44},"end":{"line":50,"column":1}},"line":22},"2":{"name":"(anonymous_2)","decl":{"start":{"line":28,"column":25},"end":{"line":28,"column":26}},"loc":{"start":{"line":28,"column":42},"end":{"line":42,"column":7}},"line":28},"3":{"name":"(anonymous_3)","decl":{"start":{"line":31,"column":24},"end":{"line":31,"column":25}},"loc":{"start":{"line":31,"column":42},"end":{"line":41,"column":9}},"line":31},"4":{"name":"(anonymous_4)","decl":{"start":{"line":36,"column":31},"end":{"line":36,"column":32}},"loc":{"start":{"line":36,"column":50},"end":{"line":38,"column":15}},"line":36},"5":{"name":"(anonymous_5)","decl":{"start":{"line":53,"column":29},"end":{"line":53,"column":30}},"loc":{"start":{"line":53,"column":49},"end":{"line":85,"column":1}},"line":53},"6":{"name":"(anonymous_6)","decl":{"start":{"line":88,"column":42},"end":{"line":88,"column":43}},"loc":{"start":{"line":88,"column":62},"end":{"line":120,"column":1}},"line":88},"7":{"name":"(anonymous_7)","decl":{"start":{"line":123,"column":33},"end":{"line":123,"column":34}},"loc":{"start":{"line":123,"column":53},"end":{"line":155,"column":1}},"line":123},"8":{"name":"(anonymous_8)","decl":{"start":{"line":158,"column":42},"end":{"line":158,"column":43}},"loc":{"start":{"line":158,"column":62},"end":{"line":190,"column":1}},"line":158},"9":{"name":"(anonymous_9)","decl":{"start":{"line":193,"column":37},"end":{"line":193,"column":38}},"loc":{"start":{"line":193,"column":57},"end":{"line":219,"column":1}},"line":193},"10":{"name":"(anonymous_10)","decl":{"start":{"line":222,"column":34},"end":{"line":222,"column":35}},"loc":{"start":{"line":222,"column":48},"end":{"line":251,"column":1}},"line":222},"11":{"name":"(anonymous_11)","decl":{"start":{"line":254,"column":31},"end":{"line":254,"column":32}},"loc":{"start":{"line":254,"column":45},"end":{"line":284,"column":1}},"line":254}},"branchMap":{"0":{"loc":{"start":{"line":14,"column":2},"end":{"line":18,"column":3}},"type":"if","locations":[{"start":{"line":14,"column":2},"end":{"line":18,"column":3}},{"start":{"line":16,"column":9},"end":{"line":18,"column":3}}],"line":14},"1":{"loc":{"start":{"line":27,"column":4},"end":{"line":43,"column":5}},"type":"if","locations":[{"start":{"line":27,"column":4},"end":{"line":43,"column":5}},{"start":{},"end":{}}],"line":27},"2":{"loc":{"start":{"line":32,"column":10},"end":{"line":40,"column":11}},"type":"if","locations":[{"start":{"line":32,"column":10},"end":{"line":40,"column":11}},{"start":{},"end":{}}],"line":32},"3":{"loc":{"start":{"line":35,"column":12},"end":{"line":39,"column":13}},"type":"if","locations":[{"start":{"line":35,"column":12},"end":{"line":39,"column":13}},{"start":{},"end":{}}],"line":35},"4":{"loc":{"start":{"line":55,"column":25},"end":{"line":55,"column":38}},"type":"default-arg","locations":[{"start":{"line":55,"column":32},"end":{"line":55,"column":38}}],"line":55},"5":{"loc":{"start":{"line":57,"column":4},"end":{"line":62,"column":5}},"type":"if","locations":[{"start":{"line":57,"column":4},"end":{"line":62,"column":5}},{"start":{},"end":{}}],"line":57},"6":{"loc":{"start":{"line":57,"column":8},"end":{"line":57,"column":23}},"type":"binary-expr","locations":[{"start":{"line":57,"column":8},"end":{"line":57,"column":11}},{"start":{"line":57,"column":15},"end":{"line":57,"column":23}}],"line":57},"7":{"loc":{"start":{"line":65,"column":4},"end":{"line":70,"column":5}},"type":"if","locations":[{"start":{"line":65,"column":4},"end":{"line":70,"column":5}},{"start":{"line":68,"column":11},"end":{"line":70,"column":5}}],"line":65},"8":{"loc":{"start":{"line":92,"column":4},"end":{"line":97,"column":5}},"type":"if","locations":[{"start":{"line":92,"column":4},"end":{"line":97,"column":5}},{"start":{},"end":{}}],"line":92},"9":{"loc":{"start":{"line":92,"column":8},"end":{"line":92,"column":66}},"type":"binary-expr","locations":[{"start":{"line":92,"column":8},"end":{"line":92,"column":11}},{"start":{"line":92,"column":15},"end":{"line":92,"column":26}},{"start":{"line":92,"column":30},"end":{"line":92,"column":46}},{"start":{"line":92,"column":50},"end":{"line":92,"column":66}}],"line":92},"10":{"loc":{"start":{"line":127,"column":4},"end":{"line":132,"column":5}},"type":"if","locations":[{"start":{"line":127,"column":4},"end":{"line":132,"column":5}},{"start":{},"end":{}}],"line":127},"11":{"loc":{"start":{"line":127,"column":8},"end":{"line":127,"column":54}},"type":"binary-expr","locations":[{"start":{"line":127,"column":8},"end":{"line":127,"column":11}},{"start":{"line":127,"column":15},"end":{"line":127,"column":26}},{"start":{"line":127,"column":30},"end":{"line":127,"column":40}},{"start":{"line":127,"column":44},"end":{"line":127,"column":54}}],"line":127},"12":{"loc":{"start":{"line":162,"column":4},"end":{"line":167,"column":5}},"type":"if","locations":[{"start":{"line":162,"column":4},"end":{"line":167,"column":5}},{"start":{},"end":{}}],"line":162},"13":{"loc":{"start":{"line":162,"column":8},"end":{"line":162,"column":67}},"type":"binary-expr","locations":[{"start":{"line":162,"column":8},"end":{"line":162,"column":11}},{"start":{"line":162,"column":15},"end":{"line":162,"column":26}},{"start":{"line":162,"column":30},"end":{"line":162,"column":37}},{"start":{"line":162,"column":41},"end":{"line":162,"column":55}},{"start":{"line":162,"column":59},"end":{"line":162,"column":67}}],"line":162},"14":{"loc":{"start":{"line":197,"column":4},"end":{"line":202,"column":5}},"type":"if","locations":[{"start":{"line":197,"column":4},"end":{"line":202,"column":5}},{"start":{},"end":{}}],"line":197},"15":{"loc":{"start":{"line":197,"column":8},"end":{"line":197,"column":26}},"type":"binary-expr","locations":[{"start":{"line":197,"column":8},"end":{"line":197,"column":11}},{"start":{"line":197,"column":15},"end":{"line":197,"column":26}}],"line":197},"16":{"loc":{"start":{"line":226,"column":4},"end":{"line":231,"column":5}},"type":"if","locations":[{"start":{"line":226,"column":4},"end":{"line":231,"column":5}},{"start":{},"end":{}}],"line":226},"17":{"loc":{"start":{"line":258,"column":4},"end":{"line":263,"column":5}},"type":"if","locations":[{"start":{"line":258,"column":4},"end":{"line":263,"column":5}},{"start":{},"end":{}}],"line":258}},"s":{"0":0,"1":0,"2":0,"3":0,"4":0,"5":0,"6":0,"7":0,"8":0,"9":0,"10":0,"11":0,"12":0,"13":0,"14":0,"15":0,"16":0,"17":0,"18":0,"19":0,"20":0,"21":0,"22":0,"23":0,"24":0,"25":0,"26":0,"27":0,"28":0,"29":0,"30":0,"31":0,"32":0,"33":0,"34":0,"35":0,"36":0,"37":0,"38":0,"39":0,"40":0,"41":0,"42":0,"43":0,"44":0,"45":0,"46":0,"47":0,"48":0,"49":0,"50":0,"51":0,"52":0,"53":0,"54":0,"55":0,"56":0,"57":0,"58":0,"59":0,"60":0,"61":0,"62":0,"63":0,"64":0,"65":0,"66":0,"67":0,"68":0,"69":0,"70":0,"71":0,"72":0,"73":0,"74":0,"75":0,"76":0,"77":0,"78":0,"79":0,"80":0,"81":0,"82":0,"83":0,"84":0,"85":0,"86":0,"87":0,"88":0,"89":0,"90":0,"91":0,"92":0,"93":0},"f":{"0":0,"1":0,"2":0,"3":0,"4":0,"5":0,"6":0,"7":0,"8":0,"9":0,"10":0,"11":0},"b":{"0":[0,0],"1":[0,0],"2":[0,0],"3":[0,0],"4":[0],"5":[0,0],"6":[0,0],"7":[0,0],"8":[0,0],"9":[0,0,0,0],"10":[0,0],"11":[0,0,0,0],"12":[0,0],"13":[0,0,0,0,0],"14":[0,0],"15":[0,0],"16":[0,0],"17":[0,0]}}
}
