TN:
SF:config\cloudinary.js
FN:36,(anonymous_0)
FN:57,(anonymous_1)
FN:68,(anonymous_2)
FN:83,(anonymous_3)
FN:88,(anonymous_4)
FN:93,(anonymous_5)
FNF:6
FNH:0
FNDA:0,(anonymous_0)
FNDA:0,(anonymous_1)
FNDA:0,(anonymous_2)
FNDA:0,(anonymous_3)
FNDA:0,(anonymous_4)
FNDA:0,(anonymous_5)
DA:2,0
DA:5,0
DA:13,0
DA:33,0
DA:36,0
DA:37,0
DA:38,0
DA:48,0
DA:49,0
DA:51,0
DA:52,0
DA:57,0
DA:58,0
DA:59,0
DA:60,0
DA:62,0
DA:63,0
DA:68,0
DA:69,0
DA:70,0
DA:77,0
DA:78,0
DA:83,0
DA:84,0
DA:88,0
DA:89,0
DA:93,0
DA:94,0
DA:95,0
DA:96,0
DA:97,0
DA:98,0
DA:99,0
DA:100,0
DA:103,0
DA:105,0
LF:36
LH:0
BRDA:36,0,0,0
BRDA:68,1,0,0
BRDA:94,2,0,0
BRDA:94,2,1,0
BRDA:95,3,0,0
BRDA:95,3,1,0
BRDA:96,4,0,0
BRDA:96,4,1,0
BRDA:96,5,0,0
BRDA:96,5,1,0
BRDA:97,6,0,0
BRDA:97,6,1,0
BRDA:97,7,0,0
BRDA:97,7,1,0
BRDA:97,7,2,0
BRDA:98,8,0,0
BRDA:98,8,1,0
BRDA:98,9,0,0
BRDA:98,9,1,0
BRDA:99,10,0,0
BRDA:99,10,1,0
BRDA:99,11,0,0
BRDA:99,11,1,0
BRF:23
BRH:0
end_of_record
TN:
SF:controllers\appointmentController.js
FN:5,(anonymous_0)
FNF:1
FNH:0
FNDA:0,(anonymous_0)
DA:2,0
DA:5,0
DA:6,0
DA:8,0
DA:10,0
LF:5
LH:0
BRF:0
BRH:0
end_of_record
TN:
SF:controllers\authController.js
FN:8,(anonymous_0)
FN:15,(anonymous_1)
FN:31,(anonymous_2)
FN:95,(anonymous_3)
FN:96,(anonymous_4)
FN:104,(anonymous_5)
FN:131,(anonymous_6)
FN:196,(anonymous_7)
FN:216,(anonymous_8)
FN:246,(anonymous_9)
FN:274,(anonymous_10)
FN:313,(anonymous_11)
FN:352,(anonymous_12)
FNF:13
FNH:0
FNDA:0,(anonymous_0)
FNDA:0,(anonymous_1)
FNDA:0,(anonymous_2)
FNDA:0,(anonymous_3)
FNDA:0,(anonymous_4)
FNDA:0,(anonymous_5)
FNDA:0,(anonymous_6)
FNDA:0,(anonymous_7)
FNDA:0,(anonymous_8)
FNDA:0,(anonymous_9)
FNDA:0,(anonymous_10)
FNDA:0,(anonymous_11)
FNDA:0,(anonymous_12)
DA:2,0
DA:3,0
DA:4,0
DA:5,0
DA:8,0
DA:9,0
DA:15,0
DA:16,0
DA:19,0
DA:21,0
DA:31,0
DA:32,0
DA:33,0
DA:48,0
DA:51,0
DA:52,0
DA:59,0
DA:60,0
DA:61,0
DA:68,0
DA:78,0
DA:79,0
DA:80,0
DA:81,0
DA:82,0
DA:83,0
DA:85,0
DA:86,0
DA:89,0
DA:90,0
DA:91,0
DA:94,0
DA:95,0
DA:96,0
DA:98,0
DA:100,0
DA:103,0
DA:104,0
DA:105,0
DA:113,0
DA:114,0
DA:120,0
DA:131,0
DA:132,0
DA:133,0
DA:136,0
DA:137,0
DA:144,0
DA:146,0
DA:147,0
DA:154,0
DA:156,0
DA:157,0
DA:164,0
DA:165,0
DA:172,0
DA:173,0
DA:180,0
DA:181,0
DA:183,0
DA:185,0
DA:186,0
DA:196,0
DA:197,0
DA:198,0
DA:200,0
DA:205,0
DA:206,0
DA:216,0
DA:217,0
DA:218,0
DA:225,0
DA:230,0
DA:235,0
DA:236,0
DA:246,0
DA:247,0
DA:248,0
DA:251,0
DA:252,0
DA:258,0
DA:259,0
DA:261,0
DA:263,0
DA:264,0
DA:274,0
DA:275,0
DA:276,0
DA:278,0
DA:279,0
DA:286,0
DA:288,0
DA:292,0
DA:297,0
DA:298,0
DA:299,0
DA:301,0
DA:303,0
DA:313,0
DA:314,0
DA:316,0
DA:321,0
DA:326,0
DA:327,0
DA:334,0
DA:335,0
DA:336,0
DA:337,0
DA:339,0
DA:341,0
DA:342,0
DA:352,0
DA:353,0
DA:354,0
DA:357,0
DA:358,0
DA:365,0
DA:366,0
DA:367,0
DA:374,0
DA:375,0
DA:376,0
DA:378,0
DA:383,0
DA:384,0
DA:391,0
LF:126
LH:0
BRDA:51,0,0,0
BRDA:51,0,1,0
BRDA:51,1,0,0
BRDA:51,1,1,0
BRDA:51,1,2,0
BRDA:51,1,3,0
BRDA:60,2,0,0
BRDA:60,2,1,0
BRDA:74,3,0,0
BRDA:74,3,1,0
BRDA:78,4,0,0
BRDA:78,4,1,0
BRDA:103,5,0,0
BRDA:103,5,1,0
BRDA:113,6,0,0
BRDA:113,6,1,0
BRDA:123,7,0,0
BRDA:123,7,1,0
BRDA:136,8,0,0
BRDA:136,8,1,0
BRDA:136,9,0,0
BRDA:136,9,1,0
BRDA:146,10,0,0
BRDA:146,10,1,0
BRDA:156,11,0,0
BRDA:156,11,1,0
BRDA:164,12,0,0
BRDA:164,12,1,0
BRDA:172,13,0,0
BRDA:172,13,1,0
BRDA:172,14,0,0
BRDA:172,14,1,0
BRDA:251,15,0,0
BRDA:251,15,1,0
BRDA:278,16,0,0
BRDA:278,16,1,0
BRDA:326,17,0,0
BRDA:326,17,1,0
BRDA:357,18,0,0
BRDA:357,18,1,0
BRDA:366,19,0,0
BRDA:366,19,1,0
BRF:42
BRH:0
end_of_record
TN:
SF:controllers\caseController.js
FN:12,(anonymous_0)
FN:99,(anonymous_1)
FN:103,(anonymous_2)
FN:149,(anonymous_3)
FN:198,(anonymous_4)
FN:234,(anonymous_5)
FN:316,(anonymous_6)
FN:343,(anonymous_7)
FN:488,(anonymous_8)
FN:514,(anonymous_9)
FN:577,(anonymous_10)
FN:621,(anonymous_11)
FN:652,(anonymous_12)
FN:667,(anonymous_13)
FN:681,(anonymous_14)
FN:755,(anonymous_15)
FN:785,(anonymous_16)
FN:846,(anonymous_17)
FN:899,(anonymous_18)
FN:971,(anonymous_19)
FN:1049,(anonymous_20)
FN:1100,(anonymous_21)
FN:1115,(anonymous_22)
FN:1207,(anonymous_23)
FN:1291,(anonymous_24)
FNF:25
FNH:0
FNDA:0,(anonymous_0)
FNDA:0,(anonymous_1)
FNDA:0,(anonymous_2)
FNDA:0,(anonymous_3)
FNDA:0,(anonymous_4)
FNDA:0,(anonymous_5)
FNDA:0,(anonymous_6)
FNDA:0,(anonymous_7)
FNDA:0,(anonymous_8)
FNDA:0,(anonymous_9)
FNDA:0,(anonymous_10)
FNDA:0,(anonymous_11)
FNDA:0,(anonymous_12)
FNDA:0,(anonymous_13)
FNDA:0,(anonymous_14)
FNDA:0,(anonymous_15)
FNDA:0,(anonymous_16)
FNDA:0,(anonymous_17)
FNDA:0,(anonymous_18)
FNDA:0,(anonymous_19)
FNDA:0,(anonymous_20)
FNDA:0,(anonymous_21)
FNDA:0,(anonymous_22)
FNDA:0,(anonymous_23)
FNDA:0,(anonymous_24)
DA:2,0
DA:3,0
DA:4,0
DA:5,0
DA:6,0
DA:7,0
DA:12,0
DA:13,0
DA:14,0
DA:17,0
DA:19,0
DA:20,0
DA:23,0
DA:24,0
DA:26,0
DA:29,0
DA:31,0
DA:38,0
DA:39,0
DA:42,0
DA:43,0
DA:46,0
DA:47,0
DA:50,0
DA:51,0
DA:55,0
DA:56,0
DA:57,0
DA:58,0
DA:60,0
DA:61,0
DA:66,0
DA:67,0
DA:68,0
DA:76,0
DA:77,0
DA:78,0
DA:81,0
DA:82,0
DA:83,0
DA:86,0
DA:99,0
DA:103,0
DA:107,0
DA:128,0
DA:131,0
DA:132,0
DA:138,0
DA:149,0
DA:150,0
DA:152,0
DA:153,0
DA:159,0
DA:162,0
DA:164,0
DA:165,0
DA:168,0
DA:169,0
DA:171,0
DA:174,0
DA:176,0
DA:182,0
DA:189,0
DA:190,0
DA:197,0
DA:198,0
DA:199,0
DA:204,0
DA:206,0
DA:214,0
DA:216,0
DA:217,0
DA:223,0
DA:234,0
DA:235,0
DA:236,0
DA:239,0
DA:240,0
DA:247,0
DA:248,0
DA:254,0
DA:255,0
DA:256,0
DA:263,0
DA:264,0
DA:265,0
DA:266,0
DA:272,0
DA:273,0
DA:274,0
DA:282,0
DA:283,0
DA:290,0
DA:300,0
DA:303,0
DA:304,0
DA:306,0
DA:312,0
DA:315,0
DA:316,0
DA:317,0
DA:325,0
DA:326,0
DA:332,0
DA:343,0
DA:344,0
DA:346,0
DA:347,0
DA:354,0
DA:355,0
DA:356,0
DA:362,0
DA:363,0
DA:366,0
DA:367,0
DA:368,0
DA:373,0
DA:376,0
DA:377,0
DA:378,0
DA:383,0
DA:386,0
DA:387,0
DA:390,0
DA:391,0
DA:392,0
DA:397,0
DA:401,0
DA:402,0
DA:403,0
DA:409,0
DA:410,0
DA:411,0
DA:416,0
DA:420,0
DA:421,0
DA:422,0
DA:424,0
DA:425,0
DA:431,0
DA:432,0
DA:433,0
DA:438,0
DA:443,0
DA:444,0
DA:445,0
DA:447,0
DA:448,0
DA:449,0
DA:454,0
DA:459,0
DA:471,0
DA:478,0
DA:484,0
DA:487,0
DA:488,0
DA:489,0
DA:496,0
DA:497,0
DA:503,0
DA:514,0
DA:515,0
DA:517,0
DA:518,0
DA:524,0
DA:526,0
DA:527,0
DA:533,0
DA:534,0
DA:541,0
DA:542,0
DA:545,0
DA:552,0
DA:557,0
DA:559,0
DA:560,0
DA:566,0
DA:577,0
DA:578,0
DA:579,0
DA:581,0
DA:583,0
DA:584,0
DA:590,0
DA:596,0
DA:603,0
DA:605,0
DA:610,0
DA:611,0
DA:621,0
DA:622,0
DA:623,0
DA:625,0
DA:627,0
DA:628,0
DA:634,0
DA:636,0
DA:641,0
DA:642,0
DA:652,0
DA:653,0
DA:654,0
DA:658,0
DA:659,0
DA:665,0
DA:667,0
DA:670,0
DA:671,0
DA:681,0
DA:682,0
DA:684,0
DA:686,0
DA:687,0
DA:694,0
DA:695,0
DA:701,0
DA:704,0
DA:707,0
DA:709,0
DA:710,0
DA:713,0
DA:714,0
DA:715,0
DA:720,0
DA:721,0
DA:723,0
DA:726,0
DA:728,0
DA:729,0
DA:735,0
DA:737,0
DA:738,0
DA:739,0
DA:746,0
DA:747,0
DA:748,0
DA:755,0
DA:756,0
DA:757,0
DA:758,0
DA:765,0
DA:773,0
DA:776,0
DA:785,0
DA:795,0
DA:798,0
DA:801,0
DA:804,0
DA:806,0
DA:813,0
DA:816,0
DA:817,0
DA:821,0
DA:822,0
DA:828,0
DA:829,0
DA:835,0
DA:846,0
DA:847,0
DA:848,0
DA:849,0
DA:855,0
DA:857,0
DA:858,0
DA:864,0
DA:865,0
DA:871,0
DA:872,0
DA:874,0
DA:881,0
DA:887,0
DA:888,0
DA:899,0
DA:900,0
DA:901,0
DA:903,0
DA:904,0
DA:910,0
DA:911,0
DA:917,0
DA:922,0
DA:923,0
DA:929,0
DA:930,0
DA:936,0
DA:937,0
DA:938,0
DA:940,0
DA:951,0
DA:953,0
DA:959,0
DA:960,0
DA:971,0
DA:972,0
DA:973,0
DA:976,0
DA:977,0
DA:978,0
DA:979,0
DA:982,0
DA:1010,0
DA:1021,0
DA:1037,0
DA:1038,0
DA:1049,0
DA:1050,0
DA:1051,0
DA:1052,0
DA:1058,0
DA:1061,0
DA:1063,0
DA:1064,0
DA:1066,0
DA:1067,0
DA:1072,0
DA:1073,0
DA:1075,0
DA:1078,0
DA:1080,0
DA:1086,0
DA:1090,0
DA:1091,0
DA:1097,0
DA:1100,0
DA:1103,0
DA:1104,0
DA:1115,0
DA:1116,0
DA:1117,0
DA:1119,0
DA:1120,0
DA:1126,0
DA:1129,0
DA:1131,0
DA:1132,0
DA:1134,0
DA:1135,0
DA:1140,0
DA:1141,0
DA:1143,0
DA:1146,0
DA:1148,0
DA:1154,0
DA:1156,0
DA:1157,0
DA:1163,0
DA:1164,0
DA:1165,0
DA:1172,0
DA:1173,0
DA:1180,0
DA:1181,0
DA:1183,0
DA:1188,0
DA:1190,0
DA:1195,0
DA:1196,0
DA:1207,0
DA:1208,0
DA:1209,0
DA:1211,0
DA:1212,0
DA:1218,0
DA:1221,0
DA:1223,0
DA:1224,0
DA:1226,0
DA:1227,0
DA:1232,0
DA:1233,0
DA:1235,0
DA:1238,0
DA:1240,0
DA:1246,0
DA:1248,0
DA:1249,0
DA:1255,0
DA:1256,0
DA:1257,0
DA:1264,0
DA:1265,0
DA:1266,0
DA:1269,0
DA:1279,0
DA:1280,0
DA:1291,0
DA:1292,0
DA:1310,0
DA:1312,0
DA:1313,0
DA:1316,0
DA:1318,0
DA:1319,0
DA:1321,0
DA:1322,0
DA:1324,0
DA:1327,0
DA:1329,0
DA:1336,0
DA:1339,0
DA:1349,0
DA:1359,0
DA:1362,0
DA:1363,0
DA:1364,0
DA:1375,0
DA:1376,0
DA:1379,0
DA:1380,0
DA:1381,0
DA:1382,0
DA:1390,0
DA:1391,0
DA:1394,0
DA:1395,0
DA:1398,0
DA:1399,0
DA:1402,0
DA:1403,0
DA:1407,0
DA:1408,0
DA:1409,0
DA:1410,0
DA:1412,0
DA:1413,0
DA:1418,0
DA:1419,0
DA:1420,0
DA:1421,0
DA:1423,0
DA:1424,0
DA:1429,0
DA:1430,0
DA:1431,0
DA:1432,0
DA:1433,0
DA:1438,0
DA:1439,0
DA:1443,0
DA:1456,0
DA:1457,0
DA:1458,0
DA:1459,0
DA:1462,0
DA:1463,0
DA:1464,0
DA:1467,0
DA:1468,0
DA:1469,0
DA:1472,0
DA:1473,0
DA:1476,0
DA:1496,0
DA:1498,0
DA:1516,0
DA:1517,0
DA:1525,0
LF:457
LH:0
BRDA:17,0,0,0
BRDA:17,0,1,0
BRDA:17,0,2,0
BRDA:17,0,3,0
BRDA:23,1,0,0
BRDA:23,1,1,0
BRDA:38,2,0,0
BRDA:38,2,1,0
BRDA:38,3,0,0
BRDA:38,3,1,0
BRDA:42,4,0,0
BRDA:42,4,1,0
BRDA:46,5,0,0
BRDA:46,5,1,0
BRDA:46,6,0,0
BRDA:46,6,1,0
BRDA:50,7,0,0
BRDA:50,7,1,0
BRDA:50,8,0,0
BRDA:50,8,1,0
BRDA:55,9,0,0
BRDA:55,9,1,0
BRDA:55,10,0,0
BRDA:55,10,1,0
BRDA:57,11,0,0
BRDA:57,11,1,0
BRDA:60,12,0,0
BRDA:60,12,1,0
BRDA:66,13,0,0
BRDA:66,13,1,0
BRDA:76,14,0,0
BRDA:76,14,1,0
BRDA:77,15,0,0
BRDA:77,15,1,0
BRDA:81,16,0,0
BRDA:81,16,1,0
BRDA:82,17,0,0
BRDA:82,17,1,0
BRDA:102,18,0,0
BRDA:102,18,1,0
BRDA:103,19,0,0
BRDA:103,19,1,0
BRDA:131,20,0,0
BRDA:131,20,1,0
BRDA:141,21,0,0
BRDA:141,21,1,0
BRDA:152,22,0,0
BRDA:152,22,1,0
BRDA:162,23,0,0
BRDA:162,23,1,0
BRDA:162,23,2,0
BRDA:162,23,3,0
BRDA:168,24,0,0
BRDA:168,24,1,0
BRDA:189,25,0,0
BRDA:189,25,1,0
BRDA:197,26,0,0
BRDA:197,26,1,0
BRDA:199,27,0,0
BRDA:199,27,1,0
BRDA:216,28,0,0
BRDA:216,28,1,0
BRDA:226,29,0,0
BRDA:226,29,1,0
BRDA:239,30,0,0
BRDA:239,30,1,0
BRDA:239,31,0,0
BRDA:239,31,1,0
BRDA:239,31,2,0
BRDA:239,31,3,0
BRDA:247,32,0,0
BRDA:247,32,1,0
BRDA:255,33,0,0
BRDA:255,33,1,0
BRDA:255,34,0,0
BRDA:255,34,1,0
BRDA:264,35,0,0
BRDA:264,35,1,0
BRDA:265,36,0,0
BRDA:265,36,1,0
BRDA:273,37,0,0
BRDA:273,37,1,0
BRDA:273,38,0,0
BRDA:273,38,1,0
BRDA:282,39,0,0
BRDA:282,39,1,0
BRDA:282,40,0,0
BRDA:282,40,1,0
BRDA:294,41,0,0
BRDA:294,41,1,0
BRDA:296,42,0,0
BRDA:296,42,1,0
BRDA:297,43,0,0
BRDA:297,43,1,0
BRDA:315,44,0,0
BRDA:315,44,1,0
BRDA:325,45,0,0
BRDA:325,45,1,0
BRDA:335,46,0,0
BRDA:335,46,1,0
BRDA:346,47,0,0
BRDA:346,47,1,0
BRDA:355,48,0,0
BRDA:355,48,1,0
BRDA:366,49,0,0
BRDA:366,49,1,0
BRDA:367,50,0,0
BRDA:367,50,1,0
BRDA:376,51,0,0
BRDA:376,51,1,0
BRDA:377,52,0,0
BRDA:377,52,1,0
BRDA:386,53,0,0
BRDA:386,53,1,0
BRDA:390,54,0,0
BRDA:390,54,1,0
BRDA:391,55,0,0
BRDA:391,55,1,0
BRDA:401,56,0,0
BRDA:401,56,1,0
BRDA:402,57,0,0
BRDA:402,57,1,0
BRDA:410,58,0,0
BRDA:410,58,1,0
BRDA:410,59,0,0
BRDA:410,59,1,0
BRDA:420,60,0,0
BRDA:420,60,1,0
BRDA:421,61,0,0
BRDA:421,61,1,0
BRDA:424,62,0,0
BRDA:424,62,1,0
BRDA:432,63,0,0
BRDA:432,63,1,0
BRDA:432,64,0,0
BRDA:432,64,1,0
BRDA:443,65,0,0
BRDA:443,65,1,0
BRDA:444,66,0,0
BRDA:444,66,1,0
BRDA:448,67,0,0
BRDA:448,67,1,0
BRDA:487,68,0,0
BRDA:487,68,1,0
BRDA:496,69,0,0
BRDA:496,69,1,0
BRDA:506,70,0,0
BRDA:506,70,1,0
BRDA:517,71,0,0
BRDA:517,71,1,0
BRDA:526,72,0,0
BRDA:526,72,1,0
BRDA:533,73,0,0
BRDA:533,73,1,0
BRDA:549,74,0,0
BRDA:549,74,1,0
BRDA:559,75,0,0
BRDA:559,75,1,0
BRDA:569,76,0,0
BRDA:569,76,1,0
BRDA:583,77,0,0
BRDA:583,77,1,0
BRDA:593,78,0,0
BRDA:593,78,1,0
BRDA:627,79,0,0
BRDA:627,79,1,0
BRDA:658,80,0,0
BRDA:658,80,1,0
BRDA:686,81,0,0
BRDA:686,81,1,0
BRDA:694,82,0,0
BRDA:694,82,1,0
BRDA:707,83,0,0
BRDA:707,83,1,0
BRDA:707,83,2,0
BRDA:707,83,3,0
BRDA:713,84,0,0
BRDA:713,84,1,0
BRDA:720,85,0,0
BRDA:720,85,1,0
BRDA:737,86,0,0
BRDA:737,86,1,0
BRDA:746,87,0,0
BRDA:746,87,1,0
BRDA:756,88,0,0
BRDA:756,88,1,0
BRDA:777,89,0,0
BRDA:777,89,1,0
BRDA:784,90,0,0
BRDA:784,90,1,0
BRDA:785,91,0,0
BRDA:785,91,1,0
BRDA:816,92,0,0
BRDA:816,92,1,0
BRDA:821,93,0,0
BRDA:821,93,1,0
BRDA:821,94,0,0
BRDA:821,94,1,0
BRDA:828,95,0,0
BRDA:828,95,1,0
BRDA:838,96,0,0
BRDA:838,96,1,0
BRDA:848,97,0,0
BRDA:848,97,1,0
BRDA:857,98,0,0
BRDA:857,98,1,0
BRDA:864,99,0,0
BRDA:864,99,1,0
BRDA:878,100,0,0
BRDA:878,100,1,0
BRDA:891,101,0,0
BRDA:891,101,1,0
BRDA:903,102,0,0
BRDA:903,102,1,0
BRDA:910,103,0,0
BRDA:910,103,1,0
BRDA:922,104,0,0
BRDA:922,104,1,0
BRDA:929,105,0,0
BRDA:929,105,1,0
BRDA:929,106,0,0
BRDA:929,106,1,0
BRDA:963,107,0,0
BRDA:963,107,1,0
BRDA:976,108,0,0
BRDA:976,108,1,0
BRDA:978,109,0,0
BRDA:978,109,1,0
BRDA:978,110,0,0
BRDA:978,110,1,0
BRDA:1024,111,0,0
BRDA:1024,111,1,0
BRDA:1041,112,0,0
BRDA:1041,112,1,0
BRDA:1051,113,0,0
BRDA:1051,113,1,0
BRDA:1061,114,0,0
BRDA:1061,114,1,0
BRDA:1061,114,2,0
BRDA:1061,114,3,0
BRDA:1066,115,0,0
BRDA:1066,115,1,0
BRDA:1072,116,0,0
BRDA:1072,116,1,0
BRDA:1090,117,0,0
BRDA:1090,117,1,0
BRDA:1107,118,0,0
BRDA:1107,118,1,0
BRDA:1119,119,0,0
BRDA:1119,119,1,0
BRDA:1119,120,0,0
BRDA:1119,120,1,0
BRDA:1129,121,0,0
BRDA:1129,121,1,0
BRDA:1129,121,2,0
BRDA:1129,121,3,0
BRDA:1134,122,0,0
BRDA:1134,122,1,0
BRDA:1140,123,0,0
BRDA:1140,123,1,0
BRDA:1156,124,0,0
BRDA:1156,124,1,0
BRDA:1164,125,0,0
BRDA:1164,125,1,0
BRDA:1172,126,0,0
BRDA:1172,126,1,0
BRDA:1172,127,0,0
BRDA:1172,127,1,0
BRDA:1199,128,0,0
BRDA:1199,128,1,0
BRDA:1211,129,0,0
BRDA:1211,129,1,0
BRDA:1211,130,0,0
BRDA:1211,130,1,0
BRDA:1221,131,0,0
BRDA:1221,131,1,0
BRDA:1221,131,2,0
BRDA:1221,131,3,0
BRDA:1226,132,0,0
BRDA:1226,132,1,0
BRDA:1232,133,0,0
BRDA:1232,133,1,0
BRDA:1248,134,0,0
BRDA:1248,134,1,0
BRDA:1256,135,0,0
BRDA:1256,135,1,0
BRDA:1264,136,0,0
BRDA:1264,136,1,0
BRDA:1283,137,0,0
BRDA:1283,137,1,0
BRDA:1306,138,0,0
BRDA:1307,139,0,0
BRDA:1308,140,0,0
BRDA:1309,141,0,0
BRDA:1316,142,0,0
BRDA:1316,142,1,0
BRDA:1316,142,2,0
BRDA:1316,142,3,0
BRDA:1321,143,0,0
BRDA:1321,143,1,0
BRDA:1362,144,0,0
BRDA:1362,144,1,0
BRDA:1375,145,0,0
BRDA:1375,145,1,0
BRDA:1379,146,0,0
BRDA:1379,146,1,0
BRDA:1381,147,0,0
BRDA:1381,147,1,0
BRDA:1390,148,0,0
BRDA:1390,148,1,0
BRDA:1394,149,0,0
BRDA:1394,149,1,0
BRDA:1398,150,0,0
BRDA:1398,150,1,0
BRDA:1402,151,0,0
BRDA:1402,151,1,0
BRDA:1402,152,0,0
BRDA:1402,152,1,0
BRDA:1407,153,0,0
BRDA:1407,153,1,0
BRDA:1407,154,0,0
BRDA:1407,154,1,0
BRDA:1409,155,0,0
BRDA:1409,155,1,0
BRDA:1412,156,0,0
BRDA:1412,156,1,0
BRDA:1418,157,0,0
BRDA:1418,157,1,0
BRDA:1418,158,0,0
BRDA:1418,158,1,0
BRDA:1420,159,0,0
BRDA:1420,159,1,0
BRDA:1423,160,0,0
BRDA:1423,160,1,0
BRDA:1429,161,0,0
BRDA:1429,161,1,0
BRDA:1430,162,0,0
BRDA:1430,162,1,0
BRDA:1432,163,0,0
BRDA:1432,163,1,0
BRDA:1438,164,0,0
BRDA:1438,164,1,0
BRDA:1456,165,0,0
BRDA:1456,165,1,0
BRDA:1469,166,0,0
BRDA:1469,166,1,0
BRDA:1520,167,0,0
BRDA:1520,167,1,0
BRF:348
BRH:0
end_of_record
TN:
SF:controllers\chatController.js
FN:4,(anonymous_0)
FN:24,(anonymous_1)
FNF:2
FNH:0
FNDA:0,(anonymous_0)
FNDA:0,(anonymous_1)
DA:1,0
DA:4,0
DA:5,0
DA:6,0
DA:7,0
DA:9,0
DA:16,0
DA:18,0
DA:19,0
DA:24,0
DA:25,0
DA:26,0
DA:27,0
DA:29,0
DA:34,0
DA:36,0
DA:37,0
DA:41,0
LF:18
LH:0
BRF:0
BRH:0
end_of_record
TN:
SF:controllers\dashboardController.js
FN:9,(anonymous_0)
FNF:1
FNH:0
FNDA:0,(anonymous_0)
DA:2,0
DA:3,0
DA:4,0
DA:9,0
DA:10,0
DA:12,0
DA:13,0
DA:14,0
DA:17,0
DA:23,0
DA:31,0
DA:44,0
DA:45,0
DA:52,0
LF:14
LH:0
BRF:0
BRH:0
end_of_record
TN:
SF:controllers\notificationController.js
FN:10,(anonymous_0)
FN:42,(anonymous_1)
FN:83,(anonymous_2)
FN:123,(anonymous_3)
FN:161,(anonymous_4)
FN:221,(anonymous_5)
FNF:6
FNH:0
FNDA:0,(anonymous_0)
FNDA:0,(anonymous_1)
FNDA:0,(anonymous_2)
FNDA:0,(anonymous_3)
FNDA:0,(anonymous_4)
FNDA:0,(anonymous_5)
DA:2,0
DA:3,0
DA:4,0
DA:5,0
DA:10,0
DA:11,0
DA:12,0
DA:14,0
DA:15,0
DA:16,0
DA:22,0
DA:24,0
DA:30,0
DA:31,0
DA:42,0
DA:43,0
DA:44,0
DA:46,0
DA:50,0
DA:51,0
DA:57,0
DA:63,0
DA:65,0
DA:71,0
DA:72,0
DA:83,0
DA:84,0
DA:85,0
DA:87,0
DA:90,0
DA:91,0
DA:97,0
DA:103,0
DA:105,0
DA:111,0
DA:112,0
DA:123,0
DA:124,0
DA:125,0
DA:127,0
DA:128,0
DA:129,0
DA:135,0
DA:141,0
DA:143,0
DA:149,0
DA:150,0
DA:161,0
DA:162,0
DA:163,0
DA:164,0
DA:165,0
DA:167,0
DA:168,0
DA:171,0
DA:179,0
DA:181,0
DA:182,0
DA:187,0
DA:188,0
DA:189,0
DA:195,0
DA:203,0
DA:209,0
DA:210,0
DA:221,0
DA:222,0
DA:223,0
DA:225,0
DA:226,0
DA:232,0
DA:233,0
DA:235,0
DA:236,0
DA:238,0
DA:239,0
DA:240,0
DA:241,0
DA:244,0
DA:250,0
DA:256,0
DA:264,0
DA:270,0
DA:271,0
DA:279,0
LF:85
LH:0
BRDA:15,0,0,0
BRDA:15,0,1,0
BRDA:50,1,0,0
BRDA:50,1,1,0
BRDA:90,2,0,0
BRDA:90,2,1,0
BRDA:100,3,0,0
BRDA:100,3,1,0
BRDA:128,4,0,0
BRDA:128,4,1,0
BRDA:138,5,0,0
BRDA:138,5,1,0
BRDA:225,6,0,0
BRDA:225,6,1,0
BRDA:225,7,0,0
BRDA:225,7,1,0
BRDA:225,7,2,0
BRDA:238,8,0,0
BRDA:238,8,1,0
BRDA:240,9,0,0
BRDA:240,9,1,0
BRDA:245,10,0,0
BRDA:245,10,1,0
BRDA:246,11,0,0
BRDA:246,11,1,0
BRF:25
BRH:0
end_of_record
TN:
SF:controllers\paymentController.js
FN:6,(anonymous_0)
FN:39,(anonymous_1)
FNF:2
FNH:0
FNDA:0,(anonymous_0)
FNDA:0,(anonymous_1)
DA:1,0
DA:3,0
DA:6,0
DA:7,0
DA:8,0
DA:10,0
DA:11,0
DA:15,0
DA:24,0
DA:31,0
DA:33,0
DA:34,0
DA:39,0
DA:40,0
DA:41,0
DA:44,0
DA:45,0
DA:46,0
DA:49,0
DA:51,0
DA:52,0
DA:55,0
DA:57,0
DA:60,0
DA:63,0
DA:65,0
DA:67,0
DA:68,0
DA:72,0
LF:29
LH:0
BRDA:10,0,0,0
BRDA:10,0,1,0
BRDA:10,1,0,0
BRDA:10,1,1,0
BRDA:51,2,0,0
BRDA:51,2,1,0
BRDA:55,3,0,0
BRDA:55,3,1,0
BRF:8
BRH:0
end_of_record
TN:
SF:controllers\userManagementController.js
FN:7,(anonymous_0)
FN:20,(anonymous_1)
FN:97,(anonymous_2)
FN:174,(anonymous_3)
FN:216,(anonymous_4)
FN:264,(anonymous_5)
FN:303,(anonymous_6)
FNF:7
FNH:0
FNDA:0,(anonymous_0)
FNDA:0,(anonymous_1)
FNDA:0,(anonymous_2)
FNDA:0,(anonymous_3)
FNDA:0,(anonymous_4)
FNDA:0,(anonymous_5)
FNDA:0,(anonymous_6)
DA:2,0
DA:3,0
DA:4,0
DA:7,0
DA:8,0
DA:9,0
DA:10,0
DA:11,0
DA:12,0
DA:14,0
DA:20,0
DA:21,0
DA:22,0
DA:25,0
DA:26,0
DA:33,0
DA:34,0
DA:35,0
DA:42,0
DA:45,0
DA:67,0
DA:70,0
DA:78,0
DA:86,0
DA:87,0
DA:97,0
DA:98,0
DA:99,0
DA:102,0
DA:103,0
DA:110,0
DA:111,0
DA:118,0
DA:119,0
DA:120,0
DA:127,0
DA:130,0
DA:144,0
DA:147,0
DA:155,0
DA:163,0
DA:164,0
DA:174,0
DA:175,0
DA:176,0
DA:178,0
DA:179,0
DA:180,0
DA:183,0
DA:190,0
DA:192,0
DA:205,0
DA:206,0
DA:216,0
DA:217,0
DA:218,0
DA:219,0
DA:221,0
DA:222,0
DA:223,0
DA:229,0
DA:230,0
DA:237,0
DA:238,0
DA:240,0
DA:253,0
DA:254,0
DA:264,0
DA:265,0
DA:266,0
DA:268,0
DA:269,0
DA:270,0
DA:276,0
DA:277,0
DA:283,0
DA:284,0
DA:286,0
DA:292,0
DA:293,0
DA:303,0
DA:304,0
DA:305,0
DA:307,0
DA:308,0
DA:309,0
DA:315,0
DA:316,0
DA:323,0
DA:324,0
DA:325,0
DA:326,0
DA:328,0
DA:335,0
DA:336,0
DA:343,0
LF:96
LH:0
BRDA:25,0,0,0
BRDA:25,0,1,0
BRDA:25,1,0,0
BRDA:25,1,1,0
BRDA:25,1,2,0
BRDA:34,2,0,0
BRDA:34,2,1,0
BRDA:52,3,0,0
BRDA:52,3,1,0
BRDA:102,4,0,0
BRDA:102,4,1,0
BRDA:102,5,0,0
BRDA:102,5,1,0
BRDA:110,6,0,0
BRDA:110,6,1,0
BRDA:110,7,0,0
BRDA:110,7,1,0
BRDA:110,7,2,0
BRDA:119,8,0,0
BRDA:119,8,1,0
BRDA:176,9,0,0
BRDA:176,10,0,0
BRDA:179,11,0,0
BRDA:179,11,1,0
BRDA:179,12,0,0
BRDA:179,12,1,0
BRDA:222,13,0,0
BRDA:222,13,1,0
BRDA:229,14,0,0
BRDA:229,14,1,0
BRDA:269,15,0,0
BRDA:269,15,1,0
BRDA:276,16,0,0
BRDA:276,16,1,0
BRDA:308,17,0,0
BRDA:308,17,1,0
BRDA:315,18,0,0
BRDA:315,18,1,0
BRF:38
BRH:0
end_of_record
TN:
SF:middleware\auth.js
FN:6,(anonymous_0)
FN:57,(anonymous_1)
FN:58,(anonymous_2)
FNF:3
FNH:0
FNDA:0,(anonymous_0)
FNDA:0,(anonymous_1)
FNDA:0,(anonymous_2)
DA:2,0
DA:3,0
DA:6,0
DA:9,0
DA:14,0
DA:18,0
DA:19,0
DA:25,0
DA:27,0
DA:29,0
DA:31,0
DA:32,0
DA:39,0
DA:40,0
DA:46,0
DA:48,0
DA:49,0
DA:57,0
DA:58,0
DA:59,0
DA:60,0
DA:65,0
DA:69,0
LF:23
LH:0
BRDA:9,0,0,0
BRDA:9,0,1,0
BRDA:10,1,0,0
BRDA:10,1,1,0
BRDA:18,2,0,0
BRDA:18,2,1,0
BRDA:31,3,0,0
BRDA:31,3,1,0
BRDA:39,4,0,0
BRDA:39,4,1,0
BRDA:59,5,0,0
BRDA:59,5,1,0
BRF:12
BRH:0
end_of_record
TN:
SF:middleware\errorHandler.js
FN:1,(anonymous_0)
FN:22,(anonymous_1)
FNF:2
FNH:0
FNDA:0,(anonymous_0)
FNDA:0,(anonymous_1)
DA:1,0
DA:2,0
DA:3,0
DA:6,0
DA:9,0
DA:10,0
DA:11,0
DA:15,0
DA:16,0
DA:17,0
DA:21,0
DA:22,0
DA:23,0
DA:26,0
DA:32,0
LF:15
LH:0
BRDA:9,0,0,0
BRDA:9,0,1,0
BRDA:15,1,0,0
BRDA:15,1,1,0
BRDA:21,2,0,0
BRDA:21,2,1,0
BRDA:26,3,0,0
BRDA:26,3,1,0
BRDA:28,4,0,0
BRDA:28,4,1,0
BRF:10
BRH:0
end_of_record
TN:
SF:middleware\notFound.js
FN:1,(anonymous_0)
FNF:1
FNH:0
FNDA:0,(anonymous_0)
DA:1,0
DA:2,0
DA:3,0
DA:4,0
DA:7,0
LF:5
LH:0
BRF:0
BRH:0
end_of_record
TN:
SF:middleware\upload.js
FN:15,(anonymous_0)
FN:18,(anonymous_1)
FN:27,(anonymous_2)
FN:55,(anonymous_3)
FN:73,(anonymous_4)
FN:105,(anonymous_5)
FN:112,(anonymous_6)
FN:160,(anonymous_7)
FNF:8
FNH:0
FNDA:0,(anonymous_0)
FNDA:0,(anonymous_1)
FNDA:0,(anonymous_2)
FNDA:0,(anonymous_3)
FNDA:0,(anonymous_4)
FNDA:0,(anonymous_5)
FNDA:0,(anonymous_6)
FNDA:0,(anonymous_7)
DA:2,0
DA:3,0
DA:4,0
DA:5,0
DA:8,0
DA:9,0
DA:10,0
DA:14,0
DA:16,0
DA:20,0
DA:21,0
DA:22,0
DA:27,0
DA:29,0
DA:30,0
DA:31,0
DA:32,0
DA:36,0
DA:37,0
DA:38,0
DA:39,0
DA:43,0
DA:44,0
DA:45,0
DA:46,0
DA:47,0
DA:48,0
DA:51,0
DA:55,0
DA:56,0
DA:58,0
DA:59,0
DA:62,0
DA:69,0
DA:70,0
DA:71,0
DA:73,0
DA:74,0
DA:75,0
DA:79,0
DA:88,0
DA:92,0
DA:105,0
DA:106,0
DA:108,0
DA:109,0
DA:111,0
DA:112,0
DA:113,0
DA:114,0
DA:119,0
DA:121,0
DA:127,0
DA:133,0
DA:139,0
DA:148,0
DA:149,0
DA:156,0
DA:160,0
DA:161,0
DA:162,0
DA:163,0
DA:166,0
DA:170,0
LF:64
LH:0
BRDA:9,0,0,0
BRDA:9,0,1,0
BRDA:29,1,0,0
BRDA:29,1,1,0
BRDA:36,2,0,0
BRDA:36,2,1,0
BRDA:36,3,0,0
BRDA:36,3,1,0
BRDA:45,4,0,0
BRDA:45,4,1,0
BRDA:56,5,0,0
BRDA:56,5,1,0
BRDA:56,6,0,0
BRDA:56,6,1,0
BRDA:58,7,0,0
BRDA:58,7,1,0
BRDA:69,8,0,0
BRDA:69,8,1,0
BRDA:71,9,0,0
BRDA:71,9,1,0
BRDA:74,10,0,0
BRDA:74,10,1,0
BRDA:106,11,0,0
BRDA:106,11,1,0
BRDA:108,12,0,0
BRDA:108,12,1,0
BRDA:108,13,0,0
BRDA:108,13,1,0
BRDA:111,14,0,0
BRDA:111,14,1,0
BRDA:113,15,0,0
BRDA:113,15,1,0
BRDA:119,16,0,0
BRDA:119,16,1,0
BRDA:119,16,2,0
BRDA:119,16,3,0
BRDA:148,17,0,0
BRDA:148,17,1,0
BRDA:148,18,0,0
BRDA:148,18,1,0
BRDA:148,18,2,0
BRDA:162,19,0,0
BRDA:162,19,1,0
BRF:43
BRH:0
end_of_record
TN:
SF:middleware\validation.js
FN:54,(anonymous_0)
FN:60,(anonymous_1)
FN:109,(anonymous_2)
FN:115,(anonymous_3)
FN:140,(anonymous_4)
FN:165,(anonymous_5)
FNF:6
FNH:0
FNDA:0,(anonymous_0)
FNDA:0,(anonymous_1)
FNDA:0,(anonymous_2)
FNDA:0,(anonymous_3)
FNDA:0,(anonymous_4)
FNDA:0,(anonymous_5)
DA:2,0
DA:5,0
DA:19,0
DA:55,0
DA:56,0
DA:58,0
DA:61,0
DA:62,0
DA:63,0
DA:69,0
DA:74,0
DA:110,0
DA:111,0
DA:113,0
DA:116,0
DA:117,0
DA:118,0
DA:124,0
DA:129,0
DA:141,0
DA:142,0
DA:143,0
DA:149,0
DA:154,0
DA:166,0
DA:167,0
DA:168,0
DA:174,0
DA:178,0
LF:29
LH:0
BRDA:55,0,0,0
BRDA:55,0,1,0
BRDA:55,1,0,0
BRDA:55,1,1,0
BRDA:62,2,0,0
BRDA:62,2,1,0
BRDA:110,3,0,0
BRDA:110,3,1,0
BRDA:110,4,0,0
BRDA:110,4,1,0
BRDA:117,5,0,0
BRDA:117,5,1,0
BRDA:142,6,0,0
BRDA:142,6,1,0
BRDA:167,7,0,0
BRDA:167,7,1,0
BRF:16
BRH:0
end_of_record
TN:
SF:models\Appointment.js
FNF:0
FNH:0
DA:2,0
DA:4,0
DA:13,0
LF:3
LH:0
BRF:0
BRH:0
end_of_record
TN:
SF:models\Case.js
FN:192,(anonymous_0)
FN:207,(anonymous_1)
FN:215,(anonymous_2)
FN:225,(anonymous_3)
FN:236,(anonymous_4)
FN:251,(anonymous_5)
FN:257,(anonymous_6)
FN:275,(anonymous_7)
FN:295,(anonymous_8)
FN:296,(anonymous_9)
FN:297,(anonymous_10)
FNF:11
FNH:0
FNDA:0,(anonymous_0)
FNDA:0,(anonymous_1)
FNDA:0,(anonymous_2)
FNDA:0,(anonymous_3)
FNDA:0,(anonymous_4)
FNDA:0,(anonymous_5)
FNDA:0,(anonymous_6)
FNDA:0,(anonymous_7)
FNDA:0,(anonymous_8)
FNDA:0,(anonymous_9)
FNDA:0,(anonymous_10)
DA:2,0
DA:4,0
DA:22,0
DA:106,0
DA:126,0
DA:192,0
DA:193,0
DA:194,0
DA:195,0
DA:201,0
DA:203,0
DA:207,0
DA:209,0
DA:210,0
DA:214,0
DA:215,0
DA:216,0
DA:217,0
DA:221,0
DA:225,0
DA:226,0
DA:232,0
DA:236,0
DA:237,0
DA:238,0
DA:240,0
DA:247,0
DA:251,0
DA:253,0
DA:254,0
DA:257,0
DA:258,0
DA:259,0
DA:262,0
DA:264,0
DA:271,0
DA:275,0
DA:276,0
DA:277,0
DA:278,0
DA:281,0
DA:282,0
DA:284,0
DA:291,0
DA:295,0
DA:296,0
DA:297,0
DA:298,0
DA:299,0
DA:300,0
DA:303,0
DA:313,0
DA:314,0
DA:315,0
DA:316,0
DA:317,0
DA:318,0
DA:319,0
DA:321,0
LF:59
LH:0
BRDA:193,0,0,0
BRDA:193,0,1,0
BRDA:209,1,0,0
BRDA:209,1,1,0
BRDA:209,2,0,0
BRDA:209,2,1,0
BRDA:214,3,0,0
BRDA:214,3,1,0
BRDA:214,4,0,0
BRDA:214,4,1,0
BRDA:216,5,0,0
BRDA:216,5,1,0
BRDA:225,6,0,0
BRDA:236,7,0,0
BRDA:253,8,0,0
BRDA:253,8,1,0
BRDA:258,9,0,0
BRDA:258,9,1,0
BRDA:277,10,0,0
BRDA:277,10,1,0
BRDA:298,11,0,0
BRDA:298,11,1,0
BRDA:299,12,0,0
BRDA:299,12,1,0
BRF:24
BRH:0
end_of_record
TN:
SF:models\ChatMessage.js
FNF:0
FNH:0
DA:2,0
DA:4,0
DA:40,0
LF:3
LH:0
BRF:0
BRH:0
end_of_record
TN:
SF:models\Payment.js
FNF:0
FNH:0
DA:2,0
DA:4,0
DA:45,0
LF:3
LH:0
BRF:0
BRH:0
end_of_record
TN:
SF:models\User.js
FN:86,(anonymous_0)
FN:105,(anonymous_1)
FN:123,(anonymous_2)
FN:133,(anonymous_3)
FN:138,(anonymous_4)
FNF:5
FNH:0
FNDA:0,(anonymous_0)
FNDA:0,(anonymous_1)
FNDA:0,(anonymous_2)
FNDA:0,(anonymous_3)
FNDA:0,(anonymous_4)
DA:2,0
DA:3,0
DA:5,0
DA:87,0
DA:106,0
DA:123,0
DA:124,0
DA:125,0
DA:128,0
DA:129,0
DA:133,0
DA:134,0
DA:138,0
DA:140,0
DA:143,0
DA:149,0
DA:151,0
DA:154,0
LF:18
LH:0
BRDA:124,0,0,0
BRDA:124,0,1,0
BRF:2
BRH:0
end_of_record
TN:
SF:routes\appointments.js
FNF:0
FNH:0
DA:2,0
DA:3,0
DA:4,0
DA:7,0
DA:9,0
LF:5
LH:0
BRF:0
BRH:0
end_of_record
TN:
SF:routes\auth.js
FNF:0
FNH:0
DA:2,0
DA:3,0
DA:4,0
DA:5,0
DA:10,0
DA:15,0
DA:20,0
DA:25,0
DA:30,0
DA:35,0
DA:40,0
DA:45,0
DA:47,0
LF:13
LH:0
BRF:0
BRH:0
end_of_record
TN:
SF:routes\cases.js
FNF:0
FNH:0
DA:2,0
DA:3,0
DA:4,0
DA:5,0
DA:6,0
DA:7,0
DA:12,0
DA:17,0
DA:22,0
DA:27,0
DA:32,0
DA:37,0
DA:42,0
DA:47,0
DA:52,0
DA:57,0
DA:62,0
DA:67,0
DA:72,0
DA:77,0
DA:82,0
DA:87,0
DA:89,0
LF:23
LH:0
BRF:0
BRH:0
end_of_record
TN:
SF:routes\chat.js
FNF:0
FNH:0
DA:2,0
DA:3,0
DA:4,0
DA:5,0
DA:8,0
DA:11,0
DA:13,0
LF:7
LH:0
BRF:0
BRH:0
end_of_record
TN:
SF:routes\dashboard.js
FNF:0
FNH:0
DA:2,0
DA:3,0
DA:4,0
DA:7,0
DA:9,0
LF:5
LH:0
BRF:0
BRH:0
end_of_record
TN:
SF:routes\notifications.js
FNF:0
FNH:0
DA:2,0
DA:3,0
DA:4,0
DA:12,0
DA:17,0
DA:22,0
DA:27,0
DA:32,0
DA:37,0
DA:42,0
DA:44,0
LF:11
LH:0
BRF:0
BRH:0
end_of_record
TN:
SF:routes\payments.js
FNF:0
FNH:0
DA:2,0
DA:3,0
DA:4,0
DA:5,0
DA:8,0
DA:11,0
DA:13,0
LF:7
LH:0
BRF:0
BRH:0
end_of_record
TN:
SF:routes\userManagement.js
FN:58,(anonymous_0)
FN:104,(anonymous_1)
FNF:2
FNH:0
FNDA:0,(anonymous_0)
FNDA:0,(anonymous_1)
DA:2,0
DA:3,0
DA:4,0
DA:5,0
DA:10,0
DA:19,0
DA:28,0
DA:37,0
DA:46,0
DA:55,0
DA:59,0
DA:60,0
DA:61,0
DA:63,0
DA:64,0
DA:65,0
DA:71,0
DA:72,0
DA:74,0
DA:80,0
DA:81,0
DA:92,0
DA:101,0
DA:105,0
DA:106,0
DA:107,0
DA:109,0
DA:110,0
DA:111,0
DA:117,0
DA:118,0
DA:124,0
DA:126,0
DA:132,0
DA:133,0
DA:141,0
LF:36
LH:0
BRDA:64,0,0,0
BRDA:64,0,1,0
BRDA:110,1,0,0
BRDA:110,1,1,0
BRDA:117,2,0,0
BRDA:117,2,1,0
BRF:6
BRH:0
end_of_record
TN:
SF:routes\whatsapp.js
FN:7,(anonymous_0)
FN:22,(anonymous_1)
FN:28,(anonymous_2)
FN:31,(anonymous_3)
FN:36,(anonymous_4)
FN:53,(anonymous_5)
FN:88,(anonymous_6)
FN:123,(anonymous_7)
FN:158,(anonymous_8)
FN:193,(anonymous_9)
FN:222,(anonymous_10)
FN:254,(anonymous_11)
FNF:12
FNH:0
FNDA:0,(anonymous_0)
FNDA:0,(anonymous_1)
FNDA:0,(anonymous_2)
FNDA:0,(anonymous_3)
FNDA:0,(anonymous_4)
FNDA:0,(anonymous_5)
FNDA:0,(anonymous_6)
FNDA:0,(anonymous_7)
FNDA:0,(anonymous_8)
FNDA:0,(anonymous_9)
FNDA:0,(anonymous_10)
FNDA:0,(anonymous_11)
DA:2,0
DA:3,0
DA:4,0
DA:7,0
DA:8,0
DA:9,0
DA:10,0
DA:12,0
DA:14,0
DA:15,0
DA:17,0
DA:22,0
DA:23,0
DA:24,0
DA:27,0
DA:28,0
DA:29,0
DA:31,0
DA:32,0
DA:33,0
DA:35,0
DA:36,0
DA:37,0
DA:45,0
DA:47,0
DA:48,0
DA:53,0
DA:54,0
DA:55,0
DA:57,0
DA:58,0
DA:65,0
DA:66,0
DA:67,0
DA:69,0
DA:72,0
DA:78,0
DA:79,0
DA:88,0
DA:89,0
DA:90,0
DA:92,0
DA:93,0
DA:99,0
DA:107,0
DA:113,0
DA:114,0
DA:123,0
DA:124,0
DA:125,0
DA:127,0
DA:128,0
DA:134,0
DA:142,0
DA:148,0
DA:149,0
DA:158,0
DA:159,0
DA:160,0
DA:162,0
DA:163,0
DA:169,0
DA:177,0
DA:183,0
DA:184,0
DA:193,0
DA:194,0
DA:195,0
DA:197,0
DA:198,0
DA:204,0
DA:206,0
DA:212,0
DA:213,0
DA:222,0
DA:223,0
DA:224,0
DA:226,0
DA:227,0
DA:233,0
DA:235,0
DA:244,0
DA:245,0
DA:254,0
DA:255,0
DA:256,0
DA:258,0
DA:259,0
DA:265,0
DA:266,0
DA:268,0
DA:277,0
DA:278,0
DA:286,0
LF:94
LH:0
BRDA:14,0,0,0
BRDA:14,0,1,0
BRDA:27,1,0,0
BRDA:27,1,1,0
BRDA:32,2,0,0
BRDA:32,2,1,0
BRDA:35,3,0,0
BRDA:35,3,1,0
BRDA:55,4,0,0
BRDA:57,5,0,0
BRDA:57,5,1,0
BRDA:57,6,0,0
BRDA:57,6,1,0
BRDA:65,7,0,0
BRDA:65,7,1,0
BRDA:92,8,0,0
BRDA:92,8,1,0
BRDA:92,9,0,0
BRDA:92,9,1,0
BRDA:92,9,2,0
BRDA:92,9,3,0
BRDA:127,10,0,0
BRDA:127,10,1,0
BRDA:127,11,0,0
BRDA:127,11,1,0
BRDA:127,11,2,0
BRDA:127,11,3,0
BRDA:162,12,0,0
BRDA:162,12,1,0
BRDA:162,13,0,0
BRDA:162,13,1,0
BRDA:162,13,2,0
BRDA:162,13,3,0
BRDA:162,13,4,0
BRDA:197,14,0,0
BRDA:197,14,1,0
BRDA:197,15,0,0
BRDA:197,15,1,0
BRDA:226,16,0,0
BRDA:226,16,1,0
BRDA:258,17,0,0
BRDA:258,17,1,0
BRF:42
BRH:0
end_of_record
